#
# A fatal error has been detected by the Java Runtime Environment:
#
#  EXCEPTION_ACCESS_VIOLATION (0xc0000005) at pc=0x00007ffe2c1da7a0, pid=2104, tid=1480
#
# JRE version: Java(TM) SE Runtime Environment (17.0.12+8) (build 17.0.12+8-LTS-286)
# Java VM: Java HotSpot(TM) 64-Bit Server VM (17.0.12+8-LTS-286, mixed mode, sharing, tiered, compressed oops, compressed class ptrs, g1 gc, windows-amd64)
# Problematic frame:
# V  [jvm.dll+0x2aa7a0]
#
# No core dump will be written. Minidumps are not enabled by default on client versions of Windows
#
# If you would like to submit a bug report, please visit:
#   https://bugreport.java.com/bugreport/crash.jsp
#

---------------  S U M M A R Y ------------

Command Line: --add-opens=java.base/java.util=ALL-UNNAMED --add-opens=java.base/java.lang=ALL-UNNAMED --add-opens=java.base/java.lang.invoke=ALL-UNNAMED --add-opens=java.prefs/java.util.prefs=ALL-UNNAMED --add-exports=jdk.compiler/com.sun.tools.javac.api=ALL-UNNAMED --add-exports=jdk.compiler/com.sun.tools.javac.util=ALL-UNNAMED --add-opens=java.base/java.nio.charset=ALL-UNNAMED --add-opens=java.base/java.net=ALL-UNNAMED --add-opens=java.base/java.util.concurrent.atomic=ALL-UNNAMED -XX:MaxMetaspaceSize=384m -XX:+HeapDumpOnOutOfMemoryError -Xms256m -Xmx512m -Dfile.encoding=UTF-8 -Duser.country=KR -Duser.language=ko -Duser.variant -javaagent:C:\Users\user\.gradle\wrapper\dists\gradle-8.10-bin\deqhafrv1ntovfmgh0nh3npr9\gradle-8.10\lib\agents\gradle-instrumentation-agent-8.10.jar org.gradle.launcher.daemon.bootstrap.GradleDaemon 8.10

Host: 12th Gen Intel(R) Core(TM) i7-12700F, 20 cores, 15G,  Windows 10 , 64 bit Build 19041 (10.0.19041.4842)
Time: Fri Sep 27 10:05:28 2024  Windows 10 , 64 bit Build 19041 (10.0.19041.4842) elapsed time: 1389.694432 seconds (0d 0h 23m 9s)

---------------  T H R E A D  ---------------

Current thread (0x000002d668a152f0):  JavaThread "C2 CompilerThread1" daemon [_thread_in_native, id=1480, stack(0x000000f332800000,0x000000f332900000)]


Current CompileTask:
C2:1389694 17329       4       org.gradle.internal.typeconversion.NotationConverterToNotationParserAdapter::parseNotation (41 bytes)

Stack: [0x000000f332800000,0x000000f332900000],  sp=0x000000f3328fa330,  free space=1000k
Native frames: (J=compiled Java code, j=interpreted, Vv=VM code, C=native code)
V  [jvm.dll+0x2aa7a0]
V  [jvm.dll+0x581eb9]
V  [jvm.dll+0x21f422]
V  [jvm.dll+0x21f81f]
V  [jvm.dll+0x218aa0]
V  [jvm.dll+0x215b65]
V  [jvm.dll+0x1a2960]
V  [jvm.dll+0x22610b]
V  [jvm.dll+0x2242ab]
V  [jvm.dll+0x79075c]
V  [jvm.dll+0x78abea]
V  [jvm.dll+0x678f35]
C  [ucrtbase.dll+0x21bb2]
C  [KERNEL32.DLL+0x17374]
C  [ntdll.dll+0x4cc91]


siginfo: EXCEPTION_ACCESS_VIOLATION (0xc0000005), reading address 0x0000000000004020


Registers:
RAX=0x0000000000000099, RBX=0x0000000000004000, RCX=0x000002d669063070, RDX=0x000002d669063020
RSP=0x000000f3328fa330, RBP=0x000002d669060050, RSI=0x0000000000000001, RDI=0x000002d66b0520c0
R8 =0x000002d669060050, R9 =0x000002d669063e80, R10=0x0000000000000ec8, R11=0x000002d669063020
R12=0x0000000000000000, R13=0x000002d669063070, R14=0x000000f3328fa780, R15=0x000002d6643d3810
RIP=0x00007ffe2c1da7a0, EFLAGS=0x0000000000010206


Register to memory mapping:

RIP=0x00007ffe2c1da7a0 jvm.dll
RAX=0x0000000000000099 is an unknown value
RBX=0x0000000000004000 is an unknown value
RCX=0x000002d669063070 points into unknown readable memory: 0x000002d6643d3810 | 10 38 3d 64 d6 02 00 00
RDX=0x000002d669063020 points into unknown readable memory: 0x000002d6643d3438 | 38 34 3d 64 d6 02 00 00
RSP=0x000000f3328fa330 is pointing into the stack for thread: 0x000002d668a152f0
RBP=0x000002d669060050 points into unknown readable memory: 0x0000000000000000 | 00 00 00 00 00 00 00 00
RSI=0x0000000000000001 is an unknown value
RDI=0x000002d66b0520c0 points into unknown readable memory: 0xffffffff00000001 | 01 00 00 00 ff ff ff ff
R8 =0x000002d669060050 points into unknown readable memory: 0x0000000000000000 | 00 00 00 00 00 00 00 00
R9 =0x000002d669063e80 points into unknown readable memory: 0x000002d665c8d628 | 28 d6 c8 65 d6 02 00 00
R10=0x0000000000000ec8 is an unknown value
R11=0x000002d669063020 points into unknown readable memory: 0x000002d6643d3438 | 38 34 3d 64 d6 02 00 00
R12=0x0 is NULL
R13=0x000002d669063070 points into unknown readable memory: 0x000002d6643d3810 | 10 38 3d 64 d6 02 00 00
R14=0x000000f3328fa780 is pointing into the stack for thread: 0x000002d668a152f0
R15=0x000002d6643d3810 points into unknown readable memory: 0x00007ffe2c787680 | 80 76 78 2c fe 7f 00 00


Top of Stack: (sp=0x000000f3328fa330)
0x000000f3328fa330:   000002d669060050 000000f3328fa380
0x000000f3328fa340:   000000f3328fa780 000002d66b0520c0
0x000000f3328fa350:   0000000000000099 000002d669040120
0x000000f3328fa360:   000002d66be0fe50 000002d66be1f3c0
0x000000f3328fa370:   0000000000182ae0 000002d66be1f3c0
0x000000f3328fa380:   000000f300000200 000002d668e22d30
0x000000f3328fa390:   0000000000000200 000002d669040120
0x000000f3328fa3a0:   000000033c51cab9 0000000000000000
0x000000f3328fa3b0:   0000000000000000 000002d62f659fd0
0x000000f3328fa3c0:   000002d66d4284c8 000000f3328fa780
0x000000f3328fa3d0:   000002d664f3d6c0 000000f3328fa4f0
0x000000f3328fa3e0:   0000000000000001 00007ffe2c4b1eb9
0x000000f3328fa3f0:   000000f3328fa780 000000f3000010b3
0x000000f3328fa400:   000002d66b0520c0 000002d669060050
0x000000f3328fa410:   000002d62d390000 000002d62d390000
0x000000f3328fa420:   0000000000000000 0000000000000000 

Instructions: (pc=0x00007ffe2c1da7a0)
0x00007ffe2c1da6a0:   41 08 39 42 08 48 0f 43 d1 8b 42 08 48 8b bc 24
0x00007ffe2c1da6b0:   d0 00 00 00 41 3b 45 08 73 04 41 89 45 08 ff c6
0x00007ffe2c1da6c0:   41 3b 77 18 0f 82 48 ff ff ff 41 8b 45 08 4d 8b
0x00007ffe2c1da6d0:   c5 48 8d 0c 80 48 03 c9 48 8b 44 cd 38 49 89 45
0x00007ffe2c1da6e0:   38 4c 89 6c cd 38 49 8b 45 28 49 8b 55 18 4d 8b
0x00007ffe2c1da6f0:   5d 10 48 8b 48 18 8b 41 08 39 42 08 73 53 66 90
0x00007ffe2c1da700:   4d 8b 48 28 45 8b 50 0c 49 8b 41 28 8b 50 0c 41
0x00007ffe2c1da710:   8b 41 0c 41 03 d2 03 c0 3b d0 72 12 4d 89 41 20
0x00007ffe2c1da720:   49 8b 40 28 48 8b 48 28 49 89 48 28 eb 0f 45 89
0x00007ffe2c1da730:   51 0c 49 8b 40 28 49 89 40 20 4c 8b c0 49 8b 40
0x00007ffe2c1da740:   28 49 8b 55 18 48 8b 48 18 8b 41 08 39 42 08 72
0x00007ffe2c1da750:   af 49 89 50 18 41 8b 45 0c 41 01 43 0c 41 8b 45
0x00007ffe2c1da760:   0c 03 c0 41 39 43 0c 73 0b 49 8b c0 4d 8b 43 28
0x00007ffe2c1da770:   49 89 43 28 4c 3b c5 74 14 0f 1f 80 00 00 00 00
0x00007ffe2c1da780:   4d 89 58 20 4d 8b 40 28 4c 3b c5 75 f3 49 8b 45
0x00007ffe2c1da790:   10 48 8b 58 38 48 85 db 74 6f 66 0f 1f 44 00 00
0x00007ffe2c1da7a0:   48 8b 53 20 48 85 d2 75 06 48 8b 53 18 eb 41 48
0x00007ffe2c1da7b0:   83 7a 20 00 74 28 48 8b ca e8 e2 f9 ff ff 4c 8b
0x00007ffe2c1da7c0:   43 20 48 8b 43 18 49 8b 50 18 8b 48 08 39 4a 08
0x00007ffe2c1da7d0:   73 04 48 89 53 18 49 8b 50 20 48 89 53 20 48 8b
0x00007ffe2c1da7e0:   4b 18 48 8b 52 18 8b 41 08 39 42 08 48 0f 43 d1
0x00007ffe2c1da7f0:   8b 43 08 39 42 08 72 04 49 8b 55 10 48 89 53 30
0x00007ffe2c1da800:   48 8b 5b 38 48 85 db 75 97 41 80 be b0 09 00 00
0x00007ffe2c1da810:   00 0f 85 20 01 00 00 41 8b 47 2c 24 3f 3c 20 0f
0x00007ffe2c1da820:   85 12 01 00 00 bd 01 00 00 00 41 39 6f 18 0f 86
0x00007ffe2c1da830:   fb 00 00 00 4c 8b a4 24 c0 00 00 00 0f 1f 40 00
0x00007ffe2c1da840:   49 8b 47 08 8b cd 48 8b 1c c8 48 85 db 75 24 4c
0x00007ffe2c1da850:   8d 0d 9a 90 64 00 ba ad 03 00 00 4c 8d 05 9e 90
0x00007ffe2c1da860:   64 00 48 8d 0d c7 9c 63 00 e8 f2 a6 f9 ff e8 ed
0x00007ffe2c1da870:   f2 3c 00 8b 43 28 41 3b 44 24 28 73 12 8b c8 49
0x00007ffe2c1da880:   8b 44 24 30 48 83 3c c8 00 0f 85 89 00 00 00 49
0x00007ffe2c1da890:   8b 9c 24 88 09 00 00 49 8b d7 48 8d 8b 88 09 00 


Stack slot to memory mapping:
stack at sp + 0 slots: 0x000002d669060050 points into unknown readable memory: 0x0000000000000000 | 00 00 00 00 00 00 00 00
stack at sp + 1 slots: 0x000000f3328fa380 is pointing into the stack for thread: 0x000002d668a152f0
stack at sp + 2 slots: 0x000000f3328fa780 is pointing into the stack for thread: 0x000002d668a152f0
stack at sp + 3 slots: 0x000002d66b0520c0 points into unknown readable memory: 0xffffffff00000001 | 01 00 00 00 ff ff ff ff
stack at sp + 4 slots: 0x0000000000000099 is an unknown value
stack at sp + 5 slots: 0x000002d669040120 points into unknown readable memory: 0x000002d600000006 | 06 00 00 00 d6 02 00 00
stack at sp + 6 slots: 0x000002d66be0fe50 points into unknown readable memory: 0x000002d669060040 | 40 00 06 69 d6 02 00 00
stack at sp + 7 slots: 0x000002d66be1f3c0 points into unknown readable memory: 0x0000000000000000 | 00 00 00 00 00 00 00 00


---------------  P R O C E S S  ---------------

Threads class SMR info:
_java_thread_list=0x000002d66bdcda90, length=48, elements={
0x000002d62f6692b0, 0x000002d64aeaaca0, 0x000002d64aeaba30, 0x000002d64aec7aa0,
0x000002d64aecb5f0, 0x000002d64aecbec0, 0x000002d64aecc790, 0x000002d64aece450,
0x000002d64aecee10, 0x000002d64aed7730, 0x000002d66410d640, 0x000002d66410e570,
0x000002d66410f4a0, 0x000002d66410ef90, 0x000002d66410e060, 0x000002d6667f0510,
0x000002d6667efaf0, 0x000002d6667f37b0, 0x000002d6667f2370, 0x000002d6667ec850,
0x000002d6667f1950, 0x000002d6667ed780, 0x000002d6667f32a0, 0x000002d6667f0f30,
0x000002d6667f2880, 0x000002d6667eebc0, 0x000002d6667f2d90, 0x000002d6667ef0d0,
0x000002d6667edc90, 0x000002d6667ef5e0, 0x000002d667491e10, 0x000002d667492320,
0x000002d66b3393d0, 0x000002d66852cd10, 0x000002d66a84bd20, 0x000002d66852c800,
0x000002d668d9f190, 0x000002d668d9f6a0, 0x000002d668529560, 0x000002d668a8f5c0,
0x000002d668529a70, 0x000002d66a8494a0, 0x000002d668a8cd40, 0x000002d668a152f0,
0x000002d668a19800, 0x000002d668a1a2a0, 0x000002d66577c560, 0x000002d66852aeb0
}

Java Threads: ( => current thread )
  0x000002d62f6692b0 JavaThread "main" [_thread_blocked, id=17828, stack(0x000000f327e00000,0x000000f327f00000)]
  0x000002d64aeaaca0 JavaThread "Reference Handler" daemon [_thread_blocked, id=6224, stack(0x000000f328500000,0x000000f328600000)]
  0x000002d64aeaba30 JavaThread "Finalizer" daemon [_thread_blocked, id=8224, stack(0x000000f328600000,0x000000f328700000)]
  0x000002d64aec7aa0 JavaThread "Signal Dispatcher" daemon [_thread_blocked, id=2436, stack(0x000000f328700000,0x000000f328800000)]
  0x000002d64aecb5f0 JavaThread "Attach Listener" daemon [_thread_blocked, id=21552, stack(0x000000f328800000,0x000000f328900000)]
  0x000002d64aecbec0 JavaThread "Service Thread" daemon [_thread_blocked, id=21724, stack(0x000000f328900000,0x000000f328a00000)]
  0x000002d64aecc790 JavaThread "Monitor Deflation Thread" daemon [_thread_blocked, id=21220, stack(0x000000f328a00000,0x000000f328b00000)]
  0x000002d64aece450 JavaThread "C2 CompilerThread0" daemon [_thread_in_native, id=9368, stack(0x000000f328b00000,0x000000f328c00000)]
  0x000002d64aecee10 JavaThread "C1 CompilerThread0" daemon [_thread_blocked, id=9796, stack(0x000000f328c00000,0x000000f328d00000)]
  0x000002d64aed7730 JavaThread "Sweeper thread" daemon [_thread_blocked, id=21644, stack(0x000000f328d00000,0x000000f328e00000)]
  0x000002d66410d640 JavaThread "Common-Cleaner" daemon [_thread_blocked, id=4308, stack(0x000000f328e00000,0x000000f328f00000)]
  0x000002d66410e570 JavaThread "Notification Thread" daemon [_thread_blocked, id=20188, stack(0x000000f329200000,0x000000f329300000)]
  0x000002d66410f4a0 JavaThread "Daemon health stats" [_thread_blocked, id=16764, stack(0x000000f329f00000,0x000000f32a000000)]
  0x000002d66410ef90 JavaThread "Incoming local TCP Connector on port 65455" [_thread_in_native, id=21344, stack(0x000000f32a000000,0x000000f32a100000)]
  0x000002d66410e060 JavaThread "Daemon periodic checks" [_thread_blocked, id=21564, stack(0x000000f32a500000,0x000000f32a600000)]
  0x000002d6667f0510 JavaThread "Cache worker for journal cache (C:\Users\user\.gradle\caches\journal-1)" [_thread_blocked, id=11240, stack(0x000000f329900000,0x000000f329a00000)]
  0x000002d6667efaf0 JavaThread "File lock request listener" [_thread_in_native, id=14712, stack(0x000000f32ad00000,0x000000f32ae00000)]
  0x000002d6667f37b0 JavaThread "Cache worker for file hash cache (C:\Users\user\.gradle\caches\8.10\fileHashes)" [_thread_blocked, id=3636, stack(0x000000f32ae00000,0x000000f32af00000)]
  0x000002d6667f2370 JavaThread "File watcher server" daemon [_thread_in_native, id=7924, stack(0x000000f32b900000,0x000000f32ba00000)]
  0x000002d6667ec850 JavaThread "File watcher consumer" daemon [_thread_blocked, id=1656, stack(0x000000f32ba00000,0x000000f32bb00000)]
  0x000002d6667f1950 JavaThread "Cache worker for file content cache (C:\Users\user\.gradle\caches\8.10\fileContent)" [_thread_blocked, id=1436, stack(0x000000f32bc00000,0x000000f32bd00000)]
  0x000002d6667ed780 JavaThread "jar transforms" [_thread_blocked, id=3288, stack(0x000000f32bf00000,0x000000f32c000000)]
  0x000002d6667f32a0 JavaThread "jar transforms Thread 2" [_thread_blocked, id=17424, stack(0x000000f32c000000,0x000000f32c100000)]
  0x000002d6667f0f30 JavaThread "jar transforms Thread 3" [_thread_blocked, id=16972, stack(0x000000f32c100000,0x000000f32c200000)]
  0x000002d6667f2880 JavaThread "jar transforms Thread 4" [_thread_blocked, id=3372, stack(0x000000f32c200000,0x000000f32c300000)]
  0x000002d6667eebc0 JavaThread "jar transforms Thread 5" [_thread_blocked, id=20708, stack(0x000000f32c300000,0x000000f32c400000)]
  0x000002d6667f2d90 JavaThread "jar transforms Thread 6" [_thread_blocked, id=21312, stack(0x000000f32c400000,0x000000f32c500000)]
  0x000002d6667ef0d0 JavaThread "jar transforms Thread 7" [_thread_blocked, id=3272, stack(0x000000f32c500000,0x000000f32c600000)]
  0x000002d6667edc90 JavaThread "jar transforms Thread 8" [_thread_blocked, id=5148, stack(0x000000f32c600000,0x000000f32c700000)]
  0x000002d6667ef5e0 JavaThread "jar transforms Thread 9" [_thread_blocked, id=5168, stack(0x000000f32c700000,0x000000f32c800000)]
  0x000002d667491e10 JavaThread "Memory manager" [_thread_blocked, id=11612, stack(0x000000f330100000,0x000000f330200000)]
  0x000002d667492320 JavaThread "jar transforms Thread 10" [_thread_blocked, id=20320, stack(0x000000f330200000,0x000000f330300000)]
  0x000002d66b3393d0 JavaThread "Cache worker for Java compile cache (C:\Users\user\.gradle\caches\8.10\javaCompile)" [_thread_blocked, id=22060, stack(0x000000f33b800000,0x000000f33b900000)]
  0x000002d66852cd10 JavaThread "Daemon Thread 3" [_thread_blocked, id=1432, stack(0x000000f327b00000,0x000000f327c00000)]
  0x000002d66a84bd20 JavaThread "Daemon worker Thread 3" [_thread_blocked, id=22420, stack(0x000000f328f00000,0x000000f329000000)]
  0x000002d66852c800 JavaThread "ForkJoinPool.commonPool-worker-13" daemon [_thread_blocked, id=20504, stack(0x000000f32e500000,0x000000f32e600000)]
  0x000002d668d9f190 JavaThread "ForkJoinPool.commonPool-worker-14" daemon [_thread_blocked, id=8544, stack(0x000000f32e600000,0x000000f32e700000)]
  0x000002d668d9f6a0 JavaThread "ForkJoinPool.commonPool-worker-15" daemon [_thread_blocked, id=2300, stack(0x000000f32e700000,0x000000f32e800000)]
  0x000002d668529560 JavaThread "ForkJoinPool.commonPool-worker-16" daemon [_thread_blocked, id=21992, stack(0x000000f32e800000,0x000000f32e900000)]
  0x000002d668a8f5c0 JavaThread "ForkJoinPool.commonPool-worker-17" daemon [_thread_blocked, id=21696, stack(0x000000f32e900000,0x000000f32ea00000)]
  0x000002d668529a70 JavaThread "ForkJoinPool.commonPool-worker-18" daemon [_thread_blocked, id=7112, stack(0x000000f32ea00000,0x000000f32eb00000)]
  0x000002d66a8494a0 JavaThread "ForkJoinPool.commonPool-worker-19" daemon [_thread_blocked, id=15268, stack(0x000000f32eb00000,0x000000f32ec00000)]
  0x000002d668a8cd40 JavaThread "ForkJoinPool.commonPool-worker-20" daemon [_thread_blocked, id=21512, stack(0x000000f32ec00000,0x000000f32ed00000)]
=>0x000002d668a152f0 JavaThread "C2 CompilerThread1" daemon [_thread_in_native, id=1480, stack(0x000000f332800000,0x000000f332900000)]
  0x000002d668a19800 JavaThread "C2 CompilerThread2" daemon [_thread_blocked, id=20740, stack(0x000000f332900000,0x000000f332a00000)]
  0x000002d668a1a2a0 JavaThread "C1 CompilerThread1" daemon [_thread_blocked, id=14952, stack(0x000000f334700000,0x000000f334800000)]
  0x000002d66577c560 JavaThread "included builds" [_thread_blocked, id=7328, stack(0x000000f337600000,0x000000f337700000)]
  0x000002d66852aeb0 JavaThread "VFS cleanup Thread 3" [_thread_blocked, id=9744, stack(0x000000f329000000,0x000000f329100000)]

Other Threads:
  0x000002d64aea7290 VMThread "VM Thread" [stack: 0x000000f328400000,0x000000f328500000] [id=17688]
  0x000002d62f709440 WatcherThread [stack: 0x000000f329300000,0x000000f329400000] [id=17692]
  0x000002d62f6980c0 GCTaskThread "GC Thread#0" [stack: 0x000000f327f00000,0x000000f328000000] [id=17836]
  0x000002d6647724e0 GCTaskThread "GC Thread#1" [stack: 0x000000f329a00000,0x000000f329b00000] [id=14800]
  0x000002d66509fcd0 GCTaskThread "GC Thread#2" [stack: 0x000000f329b00000,0x000000f329c00000] [id=16528]
  0x000002d664d7a520 GCTaskThread "GC Thread#3" [stack: 0x000000f329c00000,0x000000f329d00000] [id=21684]
  0x000002d664317220 GCTaskThread "GC Thread#4" [stack: 0x000000f329d00000,0x000000f329e00000] [id=10812]
  0x000002d6643c53d0 GCTaskThread "GC Thread#5" [stack: 0x000000f329e00000,0x000000f329f00000] [id=8216]
  0x000002d666686340 GCTaskThread "GC Thread#6" [stack: 0x000000f32a100000,0x000000f32a200000] [id=5208]
  0x000002d666687680 GCTaskThread "GC Thread#7" [stack: 0x000000f32a200000,0x000000f32a300000] [id=21012]
  0x000002d666687940 GCTaskThread "GC Thread#8" [stack: 0x000000f32a300000,0x000000f32a400000] [id=12920]
  0x000002d666686600 GCTaskThread "GC Thread#9" [stack: 0x000000f32a400000,0x000000f32a500000] [id=10816]
  0x000002d6666873c0 GCTaskThread "GC Thread#10" [stack: 0x000000f32b100000,0x000000f32b200000] [id=11232]
  0x000002d666686e40 GCTaskThread "GC Thread#11" [stack: 0x000000f32b200000,0x000000f32b300000] [id=12752]
  0x000002d6666868c0 GCTaskThread "GC Thread#12" [stack: 0x000000f32b300000,0x000000f32b400000] [id=14444]
  0x000002d666686b80 GCTaskThread "GC Thread#13" [stack: 0x000000f32b400000,0x000000f32b500000] [id=2468]
  0x000002d666687100 GCTaskThread "GC Thread#14" [stack: 0x000000f32b500000,0x000000f32b600000] [id=11812]
  0x000002d62f69e740 ConcurrentGCThread "G1 Main Marker" [stack: 0x000000f328000000,0x000000f328100000] [id=17824]
  0x000002d62f69f060 ConcurrentGCThread "G1 Conc#0" [stack: 0x000000f328100000,0x000000f328200000] [id=18256]
  0x000002d666687c00 ConcurrentGCThread "G1 Conc#1" [stack: 0x000000f32b600000,0x000000f32b700000] [id=1544]
  0x000002d6694ab1f0 ConcurrentGCThread "G1 Conc#2" [stack: 0x000000f32b700000,0x000000f32b800000] [id=6236]
  0x000002d6694ab4b0 ConcurrentGCThread "G1 Conc#3" [stack: 0x000000f32b800000,0x000000f32b900000] [id=3148]
  0x000002d62f73e300 ConcurrentGCThread "G1 Refine#0" [stack: 0x000000f328200000,0x000000f328300000] [id=18252]
  0x000002d6676d8f80 ConcurrentGCThread "G1 Refine#1" [stack: 0x000000f334500000,0x000000f334600000] [id=18340]
  0x000002d6676d9b40 ConcurrentGCThread "G1 Refine#2" [stack: 0x000000f33cc00000,0x000000f33cd00000] [id=22152]
  0x000002d6676d80d0 ConcurrentGCThread "G1 Refine#3" [stack: 0x000000f33cd00000,0x000000f33ce00000] [id=9928]
  0x000002d6676d83c0 ConcurrentGCThread "G1 Refine#4" [stack: 0x000000f33ce00000,0x000000f33cf00000] [id=10048]
  0x000002d6657853f0 ConcurrentGCThread "G1 Refine#5" [stack: 0x000000f33cf00000,0x000000f33d000000] [id=18060]
  0x000002d665785100 ConcurrentGCThread "G1 Refine#6" [stack: 0x000000f33d000000,0x000000f33d100000] [id=8880]
  0x000002d665784540 ConcurrentGCThread "G1 Refine#7" [stack: 0x000000f33d100000,0x000000f33d200000] [id=15456]
  0x000002d6657856e0 ConcurrentGCThread "G1 Refine#8" [stack: 0x000000f33d200000,0x000000f33d300000] [id=19832]
  0x000002d665787440 ConcurrentGCThread "G1 Refine#9" [stack: 0x000000f33d300000,0x000000f33d400000] [id=9456]
  0x000002d665785cc0 ConcurrentGCThread "G1 Refine#10" [stack: 0x000000f33d400000,0x000000f33d500000] [id=9932]
  0x000002d62f73ec40 ConcurrentGCThread "G1 Service" [stack: 0x000000f328300000,0x000000f328400000] [id=17660]

Threads with active compile tasks:
C2 CompilerThread0  1389713 17356       4       org.gradle.api.internal.artifacts.ivyservice.resolveengine.graph.builder.DependencyGraphBuilder::assembleResult (492 bytes)
C2 CompilerThread1  1389713 17329       4       org.gradle.internal.typeconversion.NotationConverterToNotationParserAdapter::parseNotation (41 bytes)

VM state: not at safepoint (normal execution)

VM Mutex/Monitor currently owned by a thread: None

Heap address: 0x00000000e0000000, size: 512 MB, Compressed Oops mode: 32-bit

CDS archive(s) mapped at: [0x000002d64b000000-0x000002d64bbd0000-0x000002d64bbd0000), size 12386304, SharedBaseAddress: 0x000002d64b000000, ArchiveRelocationMode: 1.
Compressed class space mapped at: 0x000002d64c000000-0x000002d660000000, reserved size: 335544320
Narrow klass base: 0x000002d64b000000, Narrow klass shift: 0, Narrow klass range: 0x100000000

GC Precious Log:
 CPUs: 20 total, 20 available
 Memory: 16192M
 Large Page Support: Disabled
 NUMA Support: Disabled
 Compressed Oops: Enabled (32-bit)
 Heap Region Size: 1M
 Heap Min Capacity: 256M
 Heap Initial Capacity: 256M
 Heap Max Capacity: 512M
 Pre-touch: Disabled
 Parallel Workers: 15
 Concurrent Workers: 4
 Concurrent Refinement Workers: 15
 Periodic GC: Disabled

Heap:
 garbage-first heap   total 262144K, used 139325K [0x00000000e0000000, 0x0000000100000000)
  region size 1024K, 46 young (47104K), 12 survivors (12288K)
 Metaspace       used 78467K, committed 79296K, reserved 458752K
  class space    used 10486K, committed 10880K, reserved 327680K

Heap Regions: E=young(eden), S=young(survivor), O=old, HS=humongous(starts), HC=humongous(continues), CS=collection set, F=free, OA=open archive, CA=closed archive, TAMS=top-at-mark-start (previous, next)
|   0|0x00000000e0000000, 0x00000000e0100000, 0x00000000e0100000|100%| O|  |TAMS 0x00000000e0100000, 0x00000000e0000000| Untracked 
|   1|0x00000000e0100000, 0x00000000e0200000, 0x00000000e0200000|100%| O|  |TAMS 0x00000000e0200000, 0x00000000e0100000| Untracked 
|   2|0x00000000e0200000, 0x00000000e0300000, 0x00000000e0300000|100%|HS|  |TAMS 0x00000000e0300000, 0x00000000e0200000| Complete 
|   3|0x00000000e0300000, 0x00000000e0400000, 0x00000000e0400000|100%|HC|  |TAMS 0x00000000e0400000, 0x00000000e0300000| Complete 
|   4|0x00000000e0400000, 0x00000000e0500000, 0x00000000e0500000|100%|HC|  |TAMS 0x00000000e0500000, 0x00000000e0400000| Complete 
|   5|0x00000000e0500000, 0x00000000e0600000, 0x00000000e0600000|100%|HC|  |TAMS 0x00000000e0600000, 0x00000000e0500000| Complete 
|   6|0x00000000e0600000, 0x00000000e0700000, 0x00000000e0700000|100%| O|  |TAMS 0x00000000e0700000, 0x00000000e0600000| Untracked 
|   7|0x00000000e0700000, 0x00000000e0800000, 0x00000000e0800000|100%| O|  |TAMS 0x00000000e0800000, 0x00000000e0700000| Untracked 
|   8|0x00000000e0800000, 0x00000000e0900000, 0x00000000e0900000|100%| O|  |TAMS 0x00000000e0900000, 0x00000000e0800000| Untracked 
|   9|0x00000000e0900000, 0x00000000e0a00000, 0x00000000e0a00000|100%|HS|  |TAMS 0x00000000e0a00000, 0x00000000e0900000| Complete 
|  10|0x00000000e0a00000, 0x00000000e0b00000, 0x00000000e0b00000|100%| O|  |TAMS 0x00000000e0a00000, 0x00000000e0a00000| Untracked 
|  11|0x00000000e0b00000, 0x00000000e0c00000, 0x00000000e0c00000|100%| O|  |TAMS 0x00000000e0c00000, 0x00000000e0b00000| Untracked 
|  12|0x00000000e0c00000, 0x00000000e0d00000, 0x00000000e0d00000|100%| O|  |TAMS 0x00000000e0d00000, 0x00000000e0c00000| Untracked 
|  13|0x00000000e0d00000, 0x00000000e0e00000, 0x00000000e0e00000|100%| O|  |TAMS 0x00000000e0d00000, 0x00000000e0d00000| Untracked 
|  14|0x00000000e0e00000, 0x00000000e0f00000, 0x00000000e0f00000|100%| O|  |TAMS 0x00000000e0f00000, 0x00000000e0e00000| Untracked 
|  15|0x00000000e0f00000, 0x00000000e1000000, 0x00000000e1000000|100%| O|  |TAMS 0x00000000e1000000, 0x00000000e0f00000| Untracked 
|  16|0x00000000e1000000, 0x00000000e1100000, 0x00000000e1100000|100%| O|  |TAMS 0x00000000e1100000, 0x00000000e1000000| Untracked 
|  17|0x00000000e1100000, 0x00000000e1200000, 0x00000000e1200000|100%| O|  |TAMS 0x00000000e1200000, 0x00000000e1100000| Untracked 
|  18|0x00000000e1200000, 0x00000000e1300000, 0x00000000e1300000|100%| O|  |TAMS 0x00000000e1300000, 0x00000000e1200000| Untracked 
|  19|0x00000000e1300000, 0x00000000e1400000, 0x00000000e1400000|100%| O|  |TAMS 0x00000000e1400000, 0x00000000e1300000| Untracked 
|  20|0x00000000e1400000, 0x00000000e1500000, 0x00000000e1500000|100%| O|  |TAMS 0x00000000e1500000, 0x00000000e1400000| Untracked 
|  21|0x00000000e1500000, 0x00000000e1600000, 0x00000000e1600000|100%| O|  |TAMS 0x00000000e1600000, 0x00000000e1500000| Untracked 
|  22|0x00000000e1600000, 0x00000000e1700000, 0x00000000e1700000|100%| O|  |TAMS 0x00000000e1700000, 0x00000000e1600000| Untracked 
|  23|0x00000000e1700000, 0x00000000e1800000, 0x00000000e1800000|100%| O|  |TAMS 0x00000000e1800000, 0x00000000e1700000| Untracked 
|  24|0x00000000e1800000, 0x00000000e1900000, 0x00000000e1900000|100%| O|  |TAMS 0x00000000e1900000, 0x00000000e1800000| Untracked 
|  25|0x00000000e1900000, 0x00000000e1a00000, 0x00000000e1a00000|100%| O|  |TAMS 0x00000000e1a00000, 0x00000000e1900000| Untracked 
|  26|0x00000000e1a00000, 0x00000000e1b00000, 0x00000000e1b00000|100%| O|  |TAMS 0x00000000e1a50200, 0x00000000e1a00000| Untracked 
|  27|0x00000000e1b00000, 0x00000000e1c00000, 0x00000000e1c00000|100%| O|  |TAMS 0x00000000e1b00000, 0x00000000e1b00000| Untracked 
|  28|0x00000000e1c00000, 0x00000000e1d00000, 0x00000000e1d00000|100%| O|  |TAMS 0x00000000e1c00000, 0x00000000e1c00000| Untracked 
|  29|0x00000000e1d00000, 0x00000000e1e00000, 0x00000000e1e00000|100%| O|  |TAMS 0x00000000e1d00000, 0x00000000e1d00000| Untracked 
|  30|0x00000000e1e00000, 0x00000000e1f00000, 0x00000000e1f00000|100%| O|  |TAMS 0x00000000e1e00000, 0x00000000e1e00000| Untracked 
|  31|0x00000000e1f00000, 0x00000000e2000000, 0x00000000e2000000|100%| O|  |TAMS 0x00000000e1f00000, 0x00000000e1f00000| Untracked 
|  32|0x00000000e2000000, 0x00000000e2100000, 0x00000000e2100000|100%| O|  |TAMS 0x00000000e2000000, 0x00000000e2000000| Untracked 
|  33|0x00000000e2100000, 0x00000000e2200000, 0x00000000e2200000|100%| O|  |TAMS 0x00000000e2100000, 0x00000000e2100000| Untracked 
|  34|0x00000000e2200000, 0x00000000e2300000, 0x00000000e2300000|100%| O|  |TAMS 0x00000000e2200000, 0x00000000e2200000| Untracked 
|  35|0x00000000e2300000, 0x00000000e2400000, 0x00000000e2400000|100%| O|  |TAMS 0x00000000e2300000, 0x00000000e2300000| Untracked 
|  36|0x00000000e2400000, 0x00000000e2500000, 0x00000000e2500000|100%| O|  |TAMS 0x00000000e2400000, 0x00000000e2400000| Untracked 
|  37|0x00000000e2500000, 0x00000000e2600000, 0x00000000e2600000|100%| O|  |TAMS 0x00000000e2500000, 0x00000000e2500000| Untracked 
|  38|0x00000000e2600000, 0x00000000e2700000, 0x00000000e2700000|100%| O|  |TAMS 0x00000000e2600000, 0x00000000e2600000| Untracked 
|  39|0x00000000e2700000, 0x00000000e2800000, 0x00000000e2800000|100%| O|  |TAMS 0x00000000e2700000, 0x00000000e2700000| Untracked 
|  40|0x00000000e2800000, 0x00000000e2900000, 0x00000000e2900000|100%| O|  |TAMS 0x00000000e2800000, 0x00000000e2800000| Untracked 
|  41|0x00000000e2900000, 0x00000000e2a00000, 0x00000000e2a00000|100%| O|  |TAMS 0x00000000e2900000, 0x00000000e2900000| Untracked 
|  42|0x00000000e2a00000, 0x00000000e2b00000, 0x00000000e2b00000|100%| O|  |TAMS 0x00000000e2a00000, 0x00000000e2a00000| Untracked 
|  43|0x00000000e2b00000, 0x00000000e2c00000, 0x00000000e2c00000|100%| O|  |TAMS 0x00000000e2b00000, 0x00000000e2b00000| Untracked 
|  44|0x00000000e2c00000, 0x00000000e2d00000, 0x00000000e2d00000|100%| O|  |TAMS 0x00000000e2c00000, 0x00000000e2c00000| Untracked 
|  45|0x00000000e2d00000, 0x00000000e2e00000, 0x00000000e2e00000|100%| O|  |TAMS 0x00000000e2d00000, 0x00000000e2d00000| Untracked 
|  46|0x00000000e2e00000, 0x00000000e2f00000, 0x00000000e2f00000|100%| O|  |TAMS 0x00000000e2e00000, 0x00000000e2e00000| Untracked 
|  47|0x00000000e2f00000, 0x00000000e3000000, 0x00000000e3000000|100%| O|  |TAMS 0x00000000e2f00000, 0x00000000e2f00000| Untracked 
|  48|0x00000000e3000000, 0x00000000e3100000, 0x00000000e3100000|100%| O|  |TAMS 0x00000000e3000000, 0x00000000e3000000| Untracked 
|  49|0x00000000e3100000, 0x00000000e3200000, 0x00000000e3200000|100%|HS|  |TAMS 0x00000000e3100000, 0x00000000e3100000| Complete 
|  50|0x00000000e3200000, 0x00000000e3300000, 0x00000000e3300000|100%| O|  |TAMS 0x00000000e3200000, 0x00000000e3200000| Untracked 
|  51|0x00000000e3300000, 0x00000000e3400000, 0x00000000e3400000|100%| O|  |TAMS 0x00000000e3300000, 0x00000000e3300000| Untracked 
|  52|0x00000000e3400000, 0x00000000e3500000, 0x00000000e3500000|100%| O|  |TAMS 0x00000000e3400000, 0x00000000e3400000| Untracked 
|  53|0x00000000e3500000, 0x00000000e3600000, 0x00000000e3600000|100%| O|  |TAMS 0x00000000e3500000, 0x00000000e3500000| Untracked 
|  54|0x00000000e3600000, 0x00000000e3700000, 0x00000000e3700000|100%| O|  |TAMS 0x00000000e3600000, 0x00000000e3600000| Untracked 
|  55|0x00000000e3700000, 0x00000000e3800000, 0x00000000e3800000|100%| O|  |TAMS 0x00000000e3700000, 0x00000000e3700000| Untracked 
|  56|0x00000000e3800000, 0x00000000e3900000, 0x00000000e3900000|100%| O|  |TAMS 0x00000000e3800000, 0x00000000e3800000| Untracked 
|  57|0x00000000e3900000, 0x00000000e3a00000, 0x00000000e3a00000|100%| O|  |TAMS 0x00000000e3900000, 0x00000000e3900000| Untracked 
|  58|0x00000000e3a00000, 0x00000000e3b00000, 0x00000000e3b00000|100%| O|  |TAMS 0x00000000e3a00000, 0x00000000e3a00000| Untracked 
|  59|0x00000000e3b00000, 0x00000000e3c00000, 0x00000000e3c00000|100%| O|  |TAMS 0x00000000e3b00000, 0x00000000e3b00000| Untracked 
|  60|0x00000000e3c00000, 0x00000000e3d00000, 0x00000000e3d00000|100%| O|  |TAMS 0x00000000e3c00000, 0x00000000e3c00000| Untracked 
|  61|0x00000000e3d00000, 0x00000000e3e00000, 0x00000000e3e00000|100%| O|  |TAMS 0x00000000e3d00000, 0x00000000e3d00000| Untracked 
|  62|0x00000000e3e00000, 0x00000000e3f00000, 0x00000000e3f00000|100%| O|  |TAMS 0x00000000e3e00000, 0x00000000e3e00000| Untracked 
|  63|0x00000000e3f00000, 0x00000000e4000000, 0x00000000e4000000|100%| O|  |TAMS 0x00000000e3f00000, 0x00000000e3f00000| Untracked 
|  64|0x00000000e4000000, 0x00000000e4100000, 0x00000000e4100000|100%| O|  |TAMS 0x00000000e4000000, 0x00000000e4000000| Untracked 
|  65|0x00000000e4100000, 0x00000000e4200000, 0x00000000e4200000|100%| O|  |TAMS 0x00000000e4100000, 0x00000000e4100000| Untracked 
|  66|0x00000000e4200000, 0x00000000e4300000, 0x00000000e4300000|100%| O|  |TAMS 0x00000000e4200000, 0x00000000e4200000| Untracked 
|  67|0x00000000e4300000, 0x00000000e4400000, 0x00000000e4400000|100%| O|  |TAMS 0x00000000e4300000, 0x00000000e4300000| Untracked 
|  68|0x00000000e4400000, 0x00000000e4500000, 0x00000000e4500000|100%| O|  |TAMS 0x00000000e4400000, 0x00000000e4400000| Untracked 
|  69|0x00000000e4500000, 0x00000000e4600000, 0x00000000e4600000|100%| O|  |TAMS 0x00000000e4500000, 0x00000000e4500000| Untracked 
|  70|0x00000000e4600000, 0x00000000e4700000, 0x00000000e4700000|100%| O|  |TAMS 0x00000000e4600000, 0x00000000e4600000| Untracked 
|  71|0x00000000e4700000, 0x00000000e4800000, 0x00000000e4800000|100%| O|  |TAMS 0x00000000e4700000, 0x00000000e4700000| Untracked 
|  72|0x00000000e4800000, 0x00000000e4900000, 0x00000000e4900000|100%| O|  |TAMS 0x00000000e4800000, 0x00000000e4800000| Untracked 
|  73|0x00000000e4900000, 0x00000000e4a00000, 0x00000000e4a00000|100%| O|  |TAMS 0x00000000e4900000, 0x00000000e4900000| Untracked 
|  74|0x00000000e4a00000, 0x00000000e4b00000, 0x00000000e4b00000|100%| O|  |TAMS 0x00000000e4a00000, 0x00000000e4a00000| Untracked 
|  75|0x00000000e4b00000, 0x00000000e4c00000, 0x00000000e4c00000|100%| O|  |TAMS 0x00000000e4b00000, 0x00000000e4b00000| Untracked 
|  76|0x00000000e4c00000, 0x00000000e4d00000, 0x00000000e4d00000|100%| O|  |TAMS 0x00000000e4c00000, 0x00000000e4c00000| Untracked 
|  77|0x00000000e4d00000, 0x00000000e4e00000, 0x00000000e4e00000|100%| O|  |TAMS 0x00000000e4d00000, 0x00000000e4d00000| Untracked 
|  78|0x00000000e4e00000, 0x00000000e4f00000, 0x00000000e4f00000|100%| O|  |TAMS 0x00000000e4e00000, 0x00000000e4e00000| Untracked 
|  79|0x00000000e4f00000, 0x00000000e5000000, 0x00000000e5000000|100%| O|  |TAMS 0x00000000e4f00000, 0x00000000e4f00000| Untracked 
|  80|0x00000000e5000000, 0x00000000e5100000, 0x00000000e5100000|100%| O|  |TAMS 0x00000000e5000000, 0x00000000e5000000| Untracked 
|  81|0x00000000e5100000, 0x00000000e5200000, 0x00000000e5200000|100%| O|  |TAMS 0x00000000e5100000, 0x00000000e5100000| Untracked 
|  82|0x00000000e5200000, 0x00000000e5300000, 0x00000000e5300000|100%| O|  |TAMS 0x00000000e5200000, 0x00000000e5200000| Untracked 
|  83|0x00000000e5300000, 0x00000000e5400000, 0x00000000e5400000|100%| O|  |TAMS 0x00000000e5300000, 0x00000000e5300000| Untracked 
|  84|0x00000000e5400000, 0x00000000e5500000, 0x00000000e5500000|100%| O|  |TAMS 0x00000000e5400000, 0x00000000e5400000| Untracked 
|  85|0x00000000e5500000, 0x00000000e5600000, 0x00000000e5600000|100%| O|  |TAMS 0x00000000e5500000, 0x00000000e5500000| Untracked 
|  86|0x00000000e5600000, 0x00000000e5700000, 0x00000000e5700000|100%| O|  |TAMS 0x00000000e5600000, 0x00000000e5600000| Untracked 
|  87|0x00000000e5700000, 0x00000000e5800000, 0x00000000e5800000|100%| O|  |TAMS 0x00000000e5700000, 0x00000000e5700000| Untracked 
|  88|0x00000000e5800000, 0x00000000e5900000, 0x00000000e5900000|100%| O|  |TAMS 0x00000000e5800000, 0x00000000e5800000| Untracked 
|  89|0x00000000e5900000, 0x00000000e5a00000, 0x00000000e5a00000|100%| O|  |TAMS 0x00000000e5900000, 0x00000000e5900000| Untracked 
|  90|0x00000000e5a00000, 0x00000000e5b00000, 0x00000000e5b00000|100%| O|  |TAMS 0x00000000e5a00000, 0x00000000e5a00000| Untracked 
|  91|0x00000000e5b00000, 0x00000000e5c00000, 0x00000000e5c00000|100%| O|  |TAMS 0x00000000e5b00000, 0x00000000e5b00000| Untracked 
|  92|0x00000000e5c00000, 0x00000000e5c3b800, 0x00000000e5d00000| 23%| O|  |TAMS 0x00000000e5c00000, 0x00000000e5c00000| Untracked 
|  93|0x00000000e5d00000, 0x00000000e5d00000, 0x00000000e5e00000|  0%| F|  |TAMS 0x00000000e5d00000, 0x00000000e5d00000| Untracked 
|  94|0x00000000e5e00000, 0x00000000e5e00000, 0x00000000e5f00000|  0%| F|  |TAMS 0x00000000e5e00000, 0x00000000e5e00000| Untracked 
|  95|0x00000000e5f00000, 0x00000000e5f00000, 0x00000000e6000000|  0%| F|  |TAMS 0x00000000e5f00000, 0x00000000e5f00000| Untracked 
|  96|0x00000000e6000000, 0x00000000e6000000, 0x00000000e6100000|  0%| F|  |TAMS 0x00000000e6000000, 0x00000000e6000000| Untracked 
|  97|0x00000000e6100000, 0x00000000e6100000, 0x00000000e6200000|  0%| F|  |TAMS 0x00000000e6100000, 0x00000000e6100000| Untracked 
|  98|0x00000000e6200000, 0x00000000e6200000, 0x00000000e6300000|  0%| F|  |TAMS 0x00000000e6200000, 0x00000000e6200000| Untracked 
|  99|0x00000000e6300000, 0x00000000e6300000, 0x00000000e6400000|  0%| F|  |TAMS 0x00000000e6300000, 0x00000000e6300000| Untracked 
| 100|0x00000000e6400000, 0x00000000e6400000, 0x00000000e6500000|  0%| F|  |TAMS 0x00000000e6400000, 0x00000000e6400000| Untracked 
| 101|0x00000000e6500000, 0x00000000e6500000, 0x00000000e6600000|  0%| F|  |TAMS 0x00000000e6500000, 0x00000000e6500000| Untracked 
| 102|0x00000000e6600000, 0x00000000e6600000, 0x00000000e6700000|  0%| F|  |TAMS 0x00000000e6600000, 0x00000000e6600000| Untracked 
| 103|0x00000000e6700000, 0x00000000e6700000, 0x00000000e6800000|  0%| F|  |TAMS 0x00000000e6700000, 0x00000000e6700000| Untracked 
| 104|0x00000000e6800000, 0x00000000e6800000, 0x00000000e6900000|  0%| F|  |TAMS 0x00000000e6800000, 0x00000000e6800000| Untracked 
| 105|0x00000000e6900000, 0x00000000e6900000, 0x00000000e6a00000|  0%| F|  |TAMS 0x00000000e6900000, 0x00000000e6900000| Untracked 
| 106|0x00000000e6a00000, 0x00000000e6a00000, 0x00000000e6b00000|  0%| F|  |TAMS 0x00000000e6a00000, 0x00000000e6a00000| Untracked 
| 107|0x00000000e6b00000, 0x00000000e6b00000, 0x00000000e6c00000|  0%| F|  |TAMS 0x00000000e6b00000, 0x00000000e6b00000| Untracked 
| 108|0x00000000e6c00000, 0x00000000e6c00000, 0x00000000e6d00000|  0%| F|  |TAMS 0x00000000e6c00000, 0x00000000e6c00000| Untracked 
| 109|0x00000000e6d00000, 0x00000000e6d00000, 0x00000000e6e00000|  0%| F|  |TAMS 0x00000000e6d00000, 0x00000000e6d00000| Untracked 
| 110|0x00000000e6e00000, 0x00000000e6e00000, 0x00000000e6f00000|  0%| F|  |TAMS 0x00000000e6e00000, 0x00000000e6e00000| Untracked 
| 111|0x00000000e6f00000, 0x00000000e6f00000, 0x00000000e7000000|  0%| F|  |TAMS 0x00000000e6f00000, 0x00000000e6f00000| Untracked 
| 112|0x00000000e7000000, 0x00000000e7000000, 0x00000000e7100000|  0%| F|  |TAMS 0x00000000e7000000, 0x00000000e7000000| Untracked 
| 113|0x00000000e7100000, 0x00000000e7100000, 0x00000000e7200000|  0%| F|  |TAMS 0x00000000e7100000, 0x00000000e7100000| Untracked 
| 114|0x00000000e7200000, 0x00000000e7200000, 0x00000000e7300000|  0%| F|  |TAMS 0x00000000e7200000, 0x00000000e7200000| Untracked 
| 115|0x00000000e7300000, 0x00000000e7300000, 0x00000000e7400000|  0%| F|  |TAMS 0x00000000e7300000, 0x00000000e7300000| Untracked 
| 116|0x00000000e7400000, 0x00000000e7400000, 0x00000000e7500000|  0%| F|  |TAMS 0x00000000e7400000, 0x00000000e7400000| Untracked 
| 117|0x00000000e7500000, 0x00000000e7500000, 0x00000000e7600000|  0%| F|  |TAMS 0x00000000e7500000, 0x00000000e7500000| Untracked 
| 118|0x00000000e7600000, 0x00000000e7600000, 0x00000000e7700000|  0%| F|  |TAMS 0x00000000e7600000, 0x00000000e7600000| Untracked 
| 119|0x00000000e7700000, 0x00000000e7700000, 0x00000000e7800000|  0%| F|  |TAMS 0x00000000e7700000, 0x00000000e7700000| Untracked 
| 120|0x00000000e7800000, 0x00000000e7800000, 0x00000000e7900000|  0%| F|  |TAMS 0x00000000e7800000, 0x00000000e7800000| Untracked 
| 121|0x00000000e7900000, 0x00000000e7900000, 0x00000000e7a00000|  0%| F|  |TAMS 0x00000000e7900000, 0x00000000e7900000| Untracked 
| 122|0x00000000e7a00000, 0x00000000e7a00000, 0x00000000e7b00000|  0%| F|  |TAMS 0x00000000e7a00000, 0x00000000e7a00000| Untracked 
| 123|0x00000000e7b00000, 0x00000000e7b00000, 0x00000000e7c00000|  0%| F|  |TAMS 0x00000000e7b00000, 0x00000000e7b00000| Untracked 
| 124|0x00000000e7c00000, 0x00000000e7c00000, 0x00000000e7d00000|  0%| F|  |TAMS 0x00000000e7c00000, 0x00000000e7c00000| Untracked 
| 125|0x00000000e7d00000, 0x00000000e7d00000, 0x00000000e7e00000|  0%| F|  |TAMS 0x00000000e7d00000, 0x00000000e7d00000| Untracked 
| 126|0x00000000e7e00000, 0x00000000e7e00000, 0x00000000e7f00000|  0%| F|  |TAMS 0x00000000e7e00000, 0x00000000e7e00000| Untracked 
| 127|0x00000000e7f00000, 0x00000000e7f00000, 0x00000000e8000000|  0%| F|  |TAMS 0x00000000e7f00000, 0x00000000e7f00000| Untracked 
| 128|0x00000000e8000000, 0x00000000e80d3d60, 0x00000000e8100000| 82%| S|CS|TAMS 0x00000000e8000000, 0x00000000e8000000| Complete 
| 129|0x00000000e8100000, 0x00000000e8200000, 0x00000000e8200000|100%| S|CS|TAMS 0x00000000e8100000, 0x00000000e8100000| Complete 
| 130|0x00000000e8200000, 0x00000000e8300000, 0x00000000e8300000|100%| S|CS|TAMS 0x00000000e8200000, 0x00000000e8200000| Complete 
| 131|0x00000000e8300000, 0x00000000e8400000, 0x00000000e8400000|100%| S|CS|TAMS 0x00000000e8300000, 0x00000000e8300000| Complete 
| 132|0x00000000e8400000, 0x00000000e8500000, 0x00000000e8500000|100%| S|CS|TAMS 0x00000000e8400000, 0x00000000e8400000| Complete 
| 133|0x00000000e8500000, 0x00000000e8600000, 0x00000000e8600000|100%| S|CS|TAMS 0x00000000e8500000, 0x00000000e8500000| Complete 
| 134|0x00000000e8600000, 0x00000000e8700000, 0x00000000e8700000|100%| S|CS|TAMS 0x00000000e8600000, 0x00000000e8600000| Complete 
| 135|0x00000000e8700000, 0x00000000e8800000, 0x00000000e8800000|100%| S|CS|TAMS 0x00000000e8700000, 0x00000000e8700000| Complete 
| 136|0x00000000e8800000, 0x00000000e8900000, 0x00000000e8900000|100%| S|CS|TAMS 0x00000000e8800000, 0x00000000e8800000| Complete 
| 137|0x00000000e8900000, 0x00000000e8a00000, 0x00000000e8a00000|100%| S|CS|TAMS 0x00000000e8900000, 0x00000000e8900000| Complete 
| 138|0x00000000e8a00000, 0x00000000e8b00000, 0x00000000e8b00000|100%| S|CS|TAMS 0x00000000e8a00000, 0x00000000e8a00000| Complete 
| 139|0x00000000e8b00000, 0x00000000e8c00000, 0x00000000e8c00000|100%| S|CS|TAMS 0x00000000e8b00000, 0x00000000e8b00000| Complete 
| 140|0x00000000e8c00000, 0x00000000e8c00000, 0x00000000e8d00000|  0%| F|  |TAMS 0x00000000e8c00000, 0x00000000e8c00000| Untracked 
| 141|0x00000000e8d00000, 0x00000000e8d00000, 0x00000000e8e00000|  0%| F|  |TAMS 0x00000000e8d00000, 0x00000000e8d00000| Untracked 
| 142|0x00000000e8e00000, 0x00000000e8e00000, 0x00000000e8f00000|  0%| F|  |TAMS 0x00000000e8e00000, 0x00000000e8e00000| Untracked 
| 143|0x00000000e8f00000, 0x00000000e8f00000, 0x00000000e9000000|  0%| F|  |TAMS 0x00000000e8f00000, 0x00000000e8f00000| Untracked 
| 144|0x00000000e9000000, 0x00000000e9000000, 0x00000000e9100000|  0%| F|  |TAMS 0x00000000e9000000, 0x00000000e9000000| Untracked 
| 145|0x00000000e9100000, 0x00000000e9100000, 0x00000000e9200000|  0%| F|  |TAMS 0x00000000e9100000, 0x00000000e9100000| Untracked 
| 146|0x00000000e9200000, 0x00000000e9200000, 0x00000000e9300000|  0%| F|  |TAMS 0x00000000e9200000, 0x00000000e9200000| Untracked 
| 147|0x00000000e9300000, 0x00000000e9300000, 0x00000000e9400000|  0%| F|  |TAMS 0x00000000e9300000, 0x00000000e9300000| Untracked 
| 148|0x00000000e9400000, 0x00000000e9400000, 0x00000000e9500000|  0%| F|  |TAMS 0x00000000e9400000, 0x00000000e9400000| Untracked 
| 149|0x00000000e9500000, 0x00000000e9500000, 0x00000000e9600000|  0%| F|  |TAMS 0x00000000e9500000, 0x00000000e9500000| Untracked 
| 150|0x00000000e9600000, 0x00000000e9600000, 0x00000000e9700000|  0%| F|  |TAMS 0x00000000e9600000, 0x00000000e9600000| Untracked 
| 151|0x00000000e9700000, 0x00000000e9700000, 0x00000000e9800000|  0%| F|  |TAMS 0x00000000e9700000, 0x00000000e9700000| Untracked 
| 152|0x00000000e9800000, 0x00000000e9800000, 0x00000000e9900000|  0%| F|  |TAMS 0x00000000e9800000, 0x00000000e9800000| Untracked 
| 153|0x00000000e9900000, 0x00000000e9900000, 0x00000000e9a00000|  0%| F|  |TAMS 0x00000000e9900000, 0x00000000e9900000| Untracked 
| 154|0x00000000e9a00000, 0x00000000e9a00000, 0x00000000e9b00000|  0%| F|  |TAMS 0x00000000e9a00000, 0x00000000e9a00000| Untracked 
| 155|0x00000000e9b00000, 0x00000000e9b00000, 0x00000000e9c00000|  0%| F|  |TAMS 0x00000000e9b00000, 0x00000000e9b00000| Untracked 
| 156|0x00000000e9c00000, 0x00000000e9c00000, 0x00000000e9d00000|  0%| F|  |TAMS 0x00000000e9c00000, 0x00000000e9c00000| Untracked 
| 157|0x00000000e9d00000, 0x00000000e9d00000, 0x00000000e9e00000|  0%| F|  |TAMS 0x00000000e9d00000, 0x00000000e9d00000| Untracked 
| 158|0x00000000e9e00000, 0x00000000e9e00000, 0x00000000e9f00000|  0%| F|  |TAMS 0x00000000e9e00000, 0x00000000e9e00000| Untracked 
| 159|0x00000000e9f00000, 0x00000000e9f00000, 0x00000000ea000000|  0%| F|  |TAMS 0x00000000e9f00000, 0x00000000e9f00000| Untracked 
| 160|0x00000000ea000000, 0x00000000ea000000, 0x00000000ea100000|  0%| F|  |TAMS 0x00000000ea000000, 0x00000000ea000000| Untracked 
| 161|0x00000000ea100000, 0x00000000ea100000, 0x00000000ea200000|  0%| F|  |TAMS 0x00000000ea100000, 0x00000000ea100000| Untracked 
| 162|0x00000000ea200000, 0x00000000ea200000, 0x00000000ea300000|  0%| F|  |TAMS 0x00000000ea200000, 0x00000000ea200000| Untracked 
| 163|0x00000000ea300000, 0x00000000ea300000, 0x00000000ea400000|  0%| F|  |TAMS 0x00000000ea300000, 0x00000000ea300000| Untracked 
| 164|0x00000000ea400000, 0x00000000ea400000, 0x00000000ea500000|  0%| F|  |TAMS 0x00000000ea400000, 0x00000000ea400000| Untracked 
| 165|0x00000000ea500000, 0x00000000ea500000, 0x00000000ea600000|  0%| F|  |TAMS 0x00000000ea500000, 0x00000000ea500000| Untracked 
| 166|0x00000000ea600000, 0x00000000ea600000, 0x00000000ea700000|  0%| F|  |TAMS 0x00000000ea600000, 0x00000000ea600000| Untracked 
| 167|0x00000000ea700000, 0x00000000ea700000, 0x00000000ea800000|  0%| F|  |TAMS 0x00000000ea700000, 0x00000000ea700000| Untracked 
| 168|0x00000000ea800000, 0x00000000ea800000, 0x00000000ea900000|  0%| F|  |TAMS 0x00000000ea800000, 0x00000000ea800000| Untracked 
| 169|0x00000000ea900000, 0x00000000ea900000, 0x00000000eaa00000|  0%| F|  |TAMS 0x00000000ea900000, 0x00000000ea900000| Untracked 
| 170|0x00000000eaa00000, 0x00000000eaa00000, 0x00000000eab00000|  0%| F|  |TAMS 0x00000000eaa00000, 0x00000000eaa00000| Untracked 
| 171|0x00000000eab00000, 0x00000000eab00000, 0x00000000eac00000|  0%| F|  |TAMS 0x00000000eab00000, 0x00000000eab00000| Untracked 
| 172|0x00000000eac00000, 0x00000000eac00000, 0x00000000ead00000|  0%| F|  |TAMS 0x00000000eac00000, 0x00000000eac00000| Untracked 
| 173|0x00000000ead00000, 0x00000000ead00000, 0x00000000eae00000|  0%| F|  |TAMS 0x00000000ead00000, 0x00000000ead00000| Untracked 
| 174|0x00000000eae00000, 0x00000000eae00000, 0x00000000eaf00000|  0%| F|  |TAMS 0x00000000eae00000, 0x00000000eae00000| Untracked 
| 175|0x00000000eaf00000, 0x00000000eaf00000, 0x00000000eb000000|  0%| F|  |TAMS 0x00000000eaf00000, 0x00000000eaf00000| Untracked 
| 176|0x00000000eb000000, 0x00000000eb000000, 0x00000000eb100000|  0%| F|  |TAMS 0x00000000eb000000, 0x00000000eb000000| Untracked 
| 177|0x00000000eb100000, 0x00000000eb100000, 0x00000000eb200000|  0%| F|  |TAMS 0x00000000eb100000, 0x00000000eb100000| Untracked 
| 178|0x00000000eb200000, 0x00000000eb200000, 0x00000000eb300000|  0%| F|  |TAMS 0x00000000eb200000, 0x00000000eb200000| Untracked 
| 179|0x00000000eb300000, 0x00000000eb300000, 0x00000000eb400000|  0%| F|  |TAMS 0x00000000eb300000, 0x00000000eb300000| Untracked 
| 180|0x00000000eb400000, 0x00000000eb400000, 0x00000000eb500000|  0%| F|  |TAMS 0x00000000eb400000, 0x00000000eb400000| Untracked 
| 181|0x00000000eb500000, 0x00000000eb500000, 0x00000000eb600000|  0%| F|  |TAMS 0x00000000eb500000, 0x00000000eb500000| Untracked 
| 182|0x00000000eb600000, 0x00000000eb600000, 0x00000000eb700000|  0%| F|  |TAMS 0x00000000eb600000, 0x00000000eb600000| Untracked 
| 183|0x00000000eb700000, 0x00000000eb700000, 0x00000000eb800000|  0%| F|  |TAMS 0x00000000eb700000, 0x00000000eb700000| Untracked 
| 184|0x00000000eb800000, 0x00000000eb800000, 0x00000000eb900000|  0%| F|  |TAMS 0x00000000eb800000, 0x00000000eb800000| Untracked 
| 185|0x00000000eb900000, 0x00000000eb900000, 0x00000000eba00000|  0%| F|  |TAMS 0x00000000eb900000, 0x00000000eb900000| Untracked 
| 186|0x00000000eba00000, 0x00000000eba00000, 0x00000000ebb00000|  0%| F|  |TAMS 0x00000000eba00000, 0x00000000eba00000| Untracked 
| 187|0x00000000ebb00000, 0x00000000ebb00000, 0x00000000ebc00000|  0%| F|  |TAMS 0x00000000ebb00000, 0x00000000ebb00000| Untracked 
| 188|0x00000000ebc00000, 0x00000000ebc00000, 0x00000000ebd00000|  0%| F|  |TAMS 0x00000000ebc00000, 0x00000000ebc00000| Untracked 
| 189|0x00000000ebd00000, 0x00000000ebd00000, 0x00000000ebe00000|  0%| F|  |TAMS 0x00000000ebd00000, 0x00000000ebd00000| Untracked 
| 190|0x00000000ebe00000, 0x00000000ebe00000, 0x00000000ebf00000|  0%| F|  |TAMS 0x00000000ebe00000, 0x00000000ebe00000| Untracked 
| 191|0x00000000ebf00000, 0x00000000ebf00000, 0x00000000ec000000|  0%| F|  |TAMS 0x00000000ebf00000, 0x00000000ebf00000| Untracked 
| 192|0x00000000ec000000, 0x00000000ec000000, 0x00000000ec100000|  0%| F|  |TAMS 0x00000000ec000000, 0x00000000ec000000| Untracked 
| 193|0x00000000ec100000, 0x00000000ec100000, 0x00000000ec200000|  0%| F|  |TAMS 0x00000000ec100000, 0x00000000ec100000| Untracked 
| 194|0x00000000ec200000, 0x00000000ec200000, 0x00000000ec300000|  0%| F|  |TAMS 0x00000000ec200000, 0x00000000ec200000| Untracked 
| 195|0x00000000ec300000, 0x00000000ec300000, 0x00000000ec400000|  0%| F|  |TAMS 0x00000000ec300000, 0x00000000ec300000| Untracked 
| 196|0x00000000ec400000, 0x00000000ec400000, 0x00000000ec500000|  0%| F|  |TAMS 0x00000000ec400000, 0x00000000ec400000| Untracked 
| 197|0x00000000ec500000, 0x00000000ec500000, 0x00000000ec600000|  0%| F|  |TAMS 0x00000000ec500000, 0x00000000ec500000| Untracked 
| 198|0x00000000ec600000, 0x00000000ec600000, 0x00000000ec700000|  0%| F|  |TAMS 0x00000000ec600000, 0x00000000ec600000| Untracked 
| 199|0x00000000ec700000, 0x00000000ec700000, 0x00000000ec800000|  0%| F|  |TAMS 0x00000000ec700000, 0x00000000ec700000| Untracked 
| 200|0x00000000ec800000, 0x00000000ec800000, 0x00000000ec900000|  0%| F|  |TAMS 0x00000000ec800000, 0x00000000ec800000| Untracked 
| 201|0x00000000ec900000, 0x00000000ec900000, 0x00000000eca00000|  0%| F|  |TAMS 0x00000000ec900000, 0x00000000ec900000| Untracked 
| 202|0x00000000eca00000, 0x00000000eca00000, 0x00000000ecb00000|  0%| F|  |TAMS 0x00000000eca00000, 0x00000000eca00000| Untracked 
| 203|0x00000000ecb00000, 0x00000000ecb00000, 0x00000000ecc00000|  0%| F|  |TAMS 0x00000000ecb00000, 0x00000000ecb00000| Untracked 
| 204|0x00000000ecc00000, 0x00000000ecc00000, 0x00000000ecd00000|  0%| F|  |TAMS 0x00000000ecc00000, 0x00000000ecc00000| Untracked 
| 205|0x00000000ecd00000, 0x00000000ecd00000, 0x00000000ece00000|  0%| F|  |TAMS 0x00000000ecd00000, 0x00000000ecd00000| Untracked 
| 206|0x00000000ece00000, 0x00000000ece00000, 0x00000000ecf00000|  0%| F|  |TAMS 0x00000000ece00000, 0x00000000ece00000| Untracked 
| 207|0x00000000ecf00000, 0x00000000ecf00000, 0x00000000ed000000|  0%| F|  |TAMS 0x00000000ecf00000, 0x00000000ecf00000| Untracked 
| 208|0x00000000ed000000, 0x00000000ed000000, 0x00000000ed100000|  0%| F|  |TAMS 0x00000000ed000000, 0x00000000ed000000| Untracked 
| 209|0x00000000ed100000, 0x00000000ed100000, 0x00000000ed200000|  0%| F|  |TAMS 0x00000000ed100000, 0x00000000ed100000| Untracked 
| 210|0x00000000ed200000, 0x00000000ed200000, 0x00000000ed300000|  0%| F|  |TAMS 0x00000000ed200000, 0x00000000ed200000| Untracked 
| 211|0x00000000ed300000, 0x00000000ed300000, 0x00000000ed400000|  0%| F|  |TAMS 0x00000000ed300000, 0x00000000ed300000| Untracked 
| 212|0x00000000ed400000, 0x00000000ed400000, 0x00000000ed500000|  0%| F|  |TAMS 0x00000000ed400000, 0x00000000ed400000| Untracked 
| 213|0x00000000ed500000, 0x00000000ed500000, 0x00000000ed600000|  0%| F|  |TAMS 0x00000000ed500000, 0x00000000ed500000| Untracked 
| 214|0x00000000ed600000, 0x00000000ed600000, 0x00000000ed700000|  0%| F|  |TAMS 0x00000000ed600000, 0x00000000ed600000| Untracked 
| 215|0x00000000ed700000, 0x00000000ed700000, 0x00000000ed800000|  0%| F|  |TAMS 0x00000000ed700000, 0x00000000ed700000| Untracked 
| 216|0x00000000ed800000, 0x00000000ed800000, 0x00000000ed900000|  0%| F|  |TAMS 0x00000000ed800000, 0x00000000ed800000| Untracked 
| 217|0x00000000ed900000, 0x00000000ed900000, 0x00000000eda00000|  0%| F|  |TAMS 0x00000000ed900000, 0x00000000ed900000| Untracked 
| 218|0x00000000eda00000, 0x00000000eda00000, 0x00000000edb00000|  0%| F|  |TAMS 0x00000000eda00000, 0x00000000eda00000| Untracked 
| 219|0x00000000edb00000, 0x00000000edb00000, 0x00000000edc00000|  0%| F|  |TAMS 0x00000000edb00000, 0x00000000edb00000| Untracked 
| 220|0x00000000edc00000, 0x00000000edc00000, 0x00000000edd00000|  0%| F|  |TAMS 0x00000000edc00000, 0x00000000edc00000| Untracked 
| 221|0x00000000edd00000, 0x00000000edd00000, 0x00000000ede00000|  0%| F|  |TAMS 0x00000000edd00000, 0x00000000edd00000| Untracked 
| 222|0x00000000ede00000, 0x00000000eded4180, 0x00000000edf00000| 82%| E|  |TAMS 0x00000000ede00000, 0x00000000ede00000| Complete 
| 223|0x00000000edf00000, 0x00000000ee000000, 0x00000000ee000000|100%| E|CS|TAMS 0x00000000edf00000, 0x00000000edf00000| Complete 
| 224|0x00000000ee000000, 0x00000000ee100000, 0x00000000ee100000|100%| E|CS|TAMS 0x00000000ee000000, 0x00000000ee000000| Complete 
| 225|0x00000000ee100000, 0x00000000ee200000, 0x00000000ee200000|100%| E|CS|TAMS 0x00000000ee100000, 0x00000000ee100000| Complete 
| 226|0x00000000ee200000, 0x00000000ee300000, 0x00000000ee300000|100%| E|CS|TAMS 0x00000000ee200000, 0x00000000ee200000| Complete 
| 227|0x00000000ee300000, 0x00000000ee400000, 0x00000000ee400000|100%| E|  |TAMS 0x00000000ee300000, 0x00000000ee300000| Complete 
| 228|0x00000000ee400000, 0x00000000ee500000, 0x00000000ee500000|100%| E|CS|TAMS 0x00000000ee400000, 0x00000000ee400000| Complete 
| 229|0x00000000ee500000, 0x00000000ee600000, 0x00000000ee600000|100%| E|CS|TAMS 0x00000000ee500000, 0x00000000ee500000| Complete 
| 230|0x00000000ee600000, 0x00000000ee700000, 0x00000000ee700000|100%| E|CS|TAMS 0x00000000ee600000, 0x00000000ee600000| Complete 
| 231|0x00000000ee700000, 0x00000000ee800000, 0x00000000ee800000|100%| E|CS|TAMS 0x00000000ee700000, 0x00000000ee700000| Complete 
| 232|0x00000000ee800000, 0x00000000ee900000, 0x00000000ee900000|100%| E|CS|TAMS 0x00000000ee800000, 0x00000000ee800000| Complete 
| 233|0x00000000ee900000, 0x00000000eea00000, 0x00000000eea00000|100%| E|CS|TAMS 0x00000000ee900000, 0x00000000ee900000| Complete 
| 234|0x00000000eea00000, 0x00000000eeb00000, 0x00000000eeb00000|100%| E|CS|TAMS 0x00000000eea00000, 0x00000000eea00000| Complete 
| 235|0x00000000eeb00000, 0x00000000eec00000, 0x00000000eec00000|100%| E|CS|TAMS 0x00000000eeb00000, 0x00000000eeb00000| Complete 
| 236|0x00000000eec00000, 0x00000000eed00000, 0x00000000eed00000|100%| E|CS|TAMS 0x00000000eec00000, 0x00000000eec00000| Complete 
| 237|0x00000000eed00000, 0x00000000eee00000, 0x00000000eee00000|100%| E|CS|TAMS 0x00000000eed00000, 0x00000000eed00000| Complete 
| 238|0x00000000eee00000, 0x00000000eef00000, 0x00000000eef00000|100%| E|CS|TAMS 0x00000000eee00000, 0x00000000eee00000| Complete 
| 239|0x00000000eef00000, 0x00000000ef000000, 0x00000000ef000000|100%| E|CS|TAMS 0x00000000eef00000, 0x00000000eef00000| Complete 
| 240|0x00000000ef000000, 0x00000000ef100000, 0x00000000ef100000|100%| E|CS|TAMS 0x00000000ef000000, 0x00000000ef000000| Complete 
| 241|0x00000000ef100000, 0x00000000ef200000, 0x00000000ef200000|100%| E|CS|TAMS 0x00000000ef100000, 0x00000000ef100000| Complete 
| 242|0x00000000ef200000, 0x00000000ef300000, 0x00000000ef300000|100%| E|CS|TAMS 0x00000000ef200000, 0x00000000ef200000| Complete 
| 243|0x00000000ef300000, 0x00000000ef400000, 0x00000000ef400000|100%| E|CS|TAMS 0x00000000ef300000, 0x00000000ef300000| Complete 
| 244|0x00000000ef400000, 0x00000000ef500000, 0x00000000ef500000|100%| E|CS|TAMS 0x00000000ef400000, 0x00000000ef400000| Complete 
| 245|0x00000000ef500000, 0x00000000ef600000, 0x00000000ef600000|100%| E|CS|TAMS 0x00000000ef500000, 0x00000000ef500000| Complete 
| 246|0x00000000ef600000, 0x00000000ef700000, 0x00000000ef700000|100%| E|CS|TAMS 0x00000000ef600000, 0x00000000ef600000| Complete 
| 247|0x00000000ef700000, 0x00000000ef800000, 0x00000000ef800000|100%| E|CS|TAMS 0x00000000ef700000, 0x00000000ef700000| Complete 
| 248|0x00000000ef800000, 0x00000000ef900000, 0x00000000ef900000|100%| E|CS|TAMS 0x00000000ef800000, 0x00000000ef800000| Complete 
| 249|0x00000000ef900000, 0x00000000efa00000, 0x00000000efa00000|100%| E|CS|TAMS 0x00000000ef900000, 0x00000000ef900000| Complete 
| 250|0x00000000efa00000, 0x00000000efb00000, 0x00000000efb00000|100%| E|CS|TAMS 0x00000000efa00000, 0x00000000efa00000| Complete 
| 251|0x00000000efb00000, 0x00000000efc00000, 0x00000000efc00000|100%| E|CS|TAMS 0x00000000efb00000, 0x00000000efb00000| Complete 
| 252|0x00000000efc00000, 0x00000000efd00000, 0x00000000efd00000|100%| E|CS|TAMS 0x00000000efc00000, 0x00000000efc00000| Complete 
| 253|0x00000000efd00000, 0x00000000efe00000, 0x00000000efe00000|100%| E|CS|TAMS 0x00000000efd00000, 0x00000000efd00000| Complete 
| 254|0x00000000efe00000, 0x00000000eff00000, 0x00000000eff00000|100%| E|CS|TAMS 0x00000000efe00000, 0x00000000efe00000| Complete 
| 255|0x00000000eff00000, 0x00000000f0000000, 0x00000000f0000000|100%| E|CS|TAMS 0x00000000eff00000, 0x00000000eff00000| Complete 

Card table byte_map: [0x000002d646ae0000,0x000002d646be0000] _byte_map_base: 0x000002d6463e0000

Marking Bits (Prev, Next): (CMBitMap*) 0x000002d62f699640, (CMBitMap*) 0x000002d62f699600
 Prev Bits: [0x000002d6474e0000, 0x000002d647ce0000)
 Next Bits: [0x000002d646ce0000, 0x000002d6474e0000)

Polling page: 0x000002d62d640000

Metaspace:

Usage:
  Non-class:     66.39 MB used.
      Class:     10.24 MB used.
       Both:     76.63 MB used.

Virtual space:
  Non-class space:      128.00 MB reserved,      66.81 MB ( 52%) committed,  2 nodes.
      Class space:      320.00 MB reserved,      10.62 MB (  3%) committed,  1 nodes.
             Both:      448.00 MB reserved,      77.44 MB ( 17%) committed. 

Chunk freelists:
   Non-Class:  12.84 MB
       Class:  5.38 MB
        Both:  18.23 MB

MaxMetaspaceSize: 384.00 MB
CompressedClassSpaceSize: 320.00 MB
Initial GC threshold: 21.00 MB
Current GC threshold: 97.94 MB
CDS: on
MetaspaceReclaimPolicy: balanced
 - commit_granule_bytes: 65536.
 - commit_granule_words: 8192.
 - virtual_space_node_default_size: 8388608.
 - enlarge_chunks_in_place: 1.
 - new_chunks_are_fully_committed: 0.
 - uncommit_free_chunks: 1.
 - use_allocation_guard: 0.
 - handle_deallocations: 1.


Internal statistics:

num_allocs_failed_limit: 9.
num_arena_births: 1028.
num_arena_deaths: 0.
num_vsnodes_births: 3.
num_vsnodes_deaths: 0.
num_space_committed: 1239.
num_space_uncommitted: 0.
num_chunks_returned_to_freelist: 9.
num_chunks_taken_from_freelist: 4356.
num_chunk_merges: 6.
num_chunk_splits: 2696.
num_chunks_enlarged: 1644.
num_inconsistent_stats: 0.

CodeHeap 'non-profiled nmethods': size=119168Kb used=11729Kb max_used=11729Kb free=107439Kb
 bounds [0x000002d63ead0000, 0x000002d63f650000, 0x000002d645f30000]
CodeHeap 'profiled nmethods': size=119104Kb used=30185Kb max_used=30185Kb free=88918Kb
 bounds [0x000002d636f30000, 0x000002d638cb0000, 0x000002d63e380000]
CodeHeap 'non-nmethods': size=7488Kb used=2978Kb max_used=4173Kb free=4509Kb
 bounds [0x000002d63e380000, 0x000002d63e7c0000, 0x000002d63ead0000]
 total_blobs=15897 nmethods=14958 adapters=849
 compilation: enabled
              stopped_count=0, restarted_count=0
 full_count=0

Compilation events (20 events):
Event: 1389.667 Thread 0x000002d64aecee10 nmethod 17371 0x000002d638ca8e90 code [0x000002d638ca9040, 0x000002d638ca9368]
Event: 1389.667 Thread 0x000002d64aecee10 17373       3       org.gradle.internal.logging.text.AbstractStyledTextOutput::style (20 bytes)
Event: 1389.667 Thread 0x000002d64aecee10 nmethod 17373 0x000002d638ca9490 code [0x000002d638ca9640, 0x000002d638ca98a8]
Event: 1389.667 Thread 0x000002d64aecee10 17374       1       java.util.stream.IntPipeline$StatelessOp::opIsStateful (2 bytes)
Event: 1389.667 Thread 0x000002d64aecee10 nmethod 17374 0x000002d63f63f710 code [0x000002d63f63f8a0, 0x000002d63f63f978]
Event: 1389.669 Thread 0x000002d668a1a2a0 17375       1       org.gradle.cache.internal.DefaultCacheFactory::access$300 (5 bytes)
Event: 1389.669 Thread 0x000002d668a1a2a0 nmethod 17375 0x000002d63f63fa10 code [0x000002d63f63fba0, 0x000002d63f63fc58]
Event: 1389.671 Thread 0x000002d64aecee10 17377       3       java.util.concurrent.locks.AbstractQueuedSynchronizer::tryInitializeHead (29 bytes)
Event: 1389.671 Thread 0x000002d64aecee10 nmethod 17377 0x000002d638ca9990 code [0x000002d638ca9b40, 0x000002d638ca9ed8]
Event: 1389.675 Thread 0x000002d64aecee10 17378       3       java.util.logging.Logger::updateEffectiveLevel (126 bytes)
Event: 1389.676 Thread 0x000002d668a19800 nmethod 17357 0x000002d63f63fd10 code [0x000002d63f63fee0, 0x000002d63f640798]
Event: 1389.676 Thread 0x000002d668a19800 17368       4       java.io.ObjectOutputStream$BlockDataOutputStream::writeByte (33 bytes)
Event: 1389.676 Thread 0x000002d64aecee10 nmethod 17378 0x000002d638caa010 code [0x000002d638caa240, 0x000002d638caad08]
Event: 1389.676 Thread 0x000002d668a19800 nmethod 17368 0x000002d63f640c10 code [0x000002d63f640d80, 0x000002d63f640e58]
Event: 1389.677 Thread 0x000002d668a19800 17376       4       org.gradle.api.internal.provider.AbstractMinimalProvider::openScope (8 bytes)
Event: 1389.679 Thread 0x000002d668a19800 nmethod 17376 0x000002d63f640f10 code [0x000002d63f6410e0, 0x000002d63f6416d8]
Event: 1389.679 Thread 0x000002d668a19800 17366       4       com.google.common.cache.LocalCache$Segment::evictEntries (106 bytes)
Event: 1389.688 Thread 0x000002d668a19800 nmethod 17366 0x000002d63f641b90 code [0x000002d63f641d80, 0x000002d63f642a38]
Event: 1389.688 Thread 0x000002d668a19800 17353       4       org.gradle.api.internal.artifacts.ivyservice.resolveengine.graph.builder.NodeState::maybeSubstitute (72 bytes)
Event: 1389.691 Thread 0x000002d668a19800 nmethod 17353 0x000002d63f643110 code [0x000002d63f643300, 0x000002d63f643818]

GC Heap History (20 events):
Event: 7.535 GC heap before
{Heap before GC invocations=11 (full 0):
 garbage-first heap   total 262144K, used 200311K [0x00000000e0000000, 0x0000000100000000)
  region size 1024K, 147 young (150528K), 9 survivors (9216K)
 Metaspace       used 71746K, committed 72384K, reserved 393216K
  class space    used 9861K, committed 10112K, reserved 327680K
}
Event: 7.545 GC heap after
{Heap after GC invocations=12 (full 0):
 garbage-first heap   total 262144K, used 86190K [0x00000000e0000000, 0x0000000100000000)
  region size 1024K, 19 young (19456K), 19 survivors (19456K)
 Metaspace       used 71746K, committed 72384K, reserved 393216K
  class space    used 9861K, committed 10112K, reserved 327680K
}
Event: 9.155 GC heap before
{Heap before GC invocations=12 (full 0):
 garbage-first heap   total 262144K, used 195758K [0x00000000e0000000, 0x0000000100000000)
  region size 1024K, 127 young (130048K), 19 survivors (19456K)
 Metaspace       used 76165K, committed 76928K, reserved 458752K
  class space    used 10418K, committed 10816K, reserved 327680K
}
Event: 9.162 GC heap after
{Heap after GC invocations=13 (full 0):
 garbage-first heap   total 262144K, used 92498K [0x00000000e0000000, 0x0000000100000000)
  region size 1024K, 7 young (7168K), 7 survivors (7168K)
 Metaspace       used 76165K, committed 76928K, reserved 458752K
  class space    used 10418K, committed 10816K, reserved 327680K
}
Event: 9.654 GC heap before
{Heap before GC invocations=13 (full 0):
 garbage-first heap   total 262144K, used 201042K [0x00000000e0000000, 0x0000000100000000)
  region size 1024K, 113 young (115712K), 7 survivors (7168K)
 Metaspace       used 76807K, committed 77568K, reserved 458752K
  class space    used 10422K, committed 10816K, reserved 327680K
}
Event: 9.659 GC heap after
{Heap after GC invocations=14 (full 0):
 garbage-first heap   total 262144K, used 103618K [0x00000000e0000000, 0x0000000100000000)
  region size 1024K, 15 young (15360K), 15 survivors (15360K)
 Metaspace       used 76807K, committed 77568K, reserved 458752K
  class space    used 10422K, committed 10816K, reserved 327680K
}
Event: 163.426 GC heap before
{Heap before GC invocations=14 (full 0):
 garbage-first heap   total 262144K, used 201922K [0x00000000e0000000, 0x0000000100000000)
  region size 1024K, 112 young (114688K), 15 survivors (15360K)
 Metaspace       used 77389K, committed 78208K, reserved 458752K
  class space    used 10463K, committed 10880K, reserved 327680K
}
Event: 163.431 GC heap after
{Heap after GC invocations=15 (full 0):
 garbage-first heap   total 262144K, used 102245K [0x00000000e0000000, 0x0000000100000000)
  region size 1024K, 10 young (10240K), 10 survivors (10240K)
 Metaspace       used 77389K, committed 78208K, reserved 458752K
  class space    used 10463K, committed 10880K, reserved 327680K
}
Event: 176.829 GC heap before
{Heap before GC invocations=15 (full 0):
 garbage-first heap   total 262144K, used 204645K [0x00000000e0000000, 0x0000000100000000)
  region size 1024K, 110 young (112640K), 10 survivors (10240K)
 Metaspace       used 77708K, committed 78592K, reserved 458752K
  class space    used 10469K, committed 10880K, reserved 327680K
}
Event: 176.831 GC heap after
{Heap after GC invocations=16 (full 0):
 garbage-first heap   total 262144K, used 98664K [0x00000000e0000000, 0x0000000100000000)
  region size 1024K, 5 young (5120K), 5 survivors (5120K)
 Metaspace       used 77708K, committed 78592K, reserved 458752K
  class space    used 10469K, committed 10880K, reserved 327680K
}
Event: 177.178 GC heap before
{Heap before GC invocations=16 (full 0):
 garbage-first heap   total 262144K, used 208232K [0x00000000e0000000, 0x0000000100000000)
  region size 1024K, 112 young (114688K), 5 survivors (5120K)
 Metaspace       used 77837K, committed 78720K, reserved 458752K
  class space    used 10470K, committed 10880K, reserved 327680K
}
Event: 177.181 GC heap after
{Heap after GC invocations=17 (full 0):
 garbage-first heap   total 262144K, used 103479K [0x00000000e0000000, 0x0000000100000000)
  region size 1024K, 10 young (10240K), 10 survivors (10240K)
 Metaspace       used 77837K, committed 78720K, reserved 458752K
  class space    used 10470K, committed 10880K, reserved 327680K
}
Event: 191.704 GC heap before
{Heap before GC invocations=17 (full 0):
 garbage-first heap   total 262144K, used 207927K [0x00000000e0000000, 0x0000000100000000)
  region size 1024K, 113 young (115712K), 10 survivors (10240K)
 Metaspace       used 77966K, committed 78784K, reserved 458752K
  class space    used 10472K, committed 10880K, reserved 327680K
}
Event: 191.707 GC heap after
{Heap after GC invocations=18 (full 0):
 garbage-first heap   total 262144K, used 105381K [0x00000000e0000000, 0x0000000100000000)
  region size 1024K, 12 young (12288K), 12 survivors (12288K)
 Metaspace       used 77966K, committed 78784K, reserved 458752K
  class space    used 10472K, committed 10880K, reserved 327680K
}
Event: 239.541 GC heap before
{Heap before GC invocations=18 (full 0):
 garbage-first heap   total 262144K, used 206757K [0x00000000e0000000, 0x0000000100000000)
  region size 1024K, 111 young (113664K), 12 survivors (12288K)
 Metaspace       used 78171K, committed 79040K, reserved 458752K
  class space    used 10482K, committed 10880K, reserved 327680K
}
Event: 239.543 GC heap after
{Heap after GC invocations=19 (full 0):
 garbage-first heap   total 262144K, used 101513K [0x00000000e0000000, 0x0000000100000000)
  region size 1024K, 7 young (7168K), 7 survivors (7168K)
 Metaspace       used 78171K, committed 79040K, reserved 458752K
  class space    used 10482K, committed 10880K, reserved 327680K
}
Event: 1080.862 GC heap before
{Heap before GC invocations=19 (full 0):
 garbage-first heap   total 262144K, used 209033K [0x00000000e0000000, 0x0000000100000000)
  region size 1024K, 112 young (114688K), 7 survivors (7168K)
 Metaspace       used 78320K, committed 79168K, reserved 458752K
  class space    used 10485K, committed 10880K, reserved 327680K
}
Event: 1080.863 GC heap after
{Heap after GC invocations=20 (full 0):
 garbage-first heap   total 262144K, used 94806K [0x00000000e0000000, 0x0000000100000000)
  region size 1024K, 1 young (1024K), 1 survivors (1024K)
 Metaspace       used 78320K, committed 79168K, reserved 458752K
  class space    used 10485K, committed 10880K, reserved 327680K
}
Event: 1389.609 GC heap before
{Heap before GC invocations=20 (full 0):
 garbage-first heap   total 262144K, used 211542K [0x00000000e0000000, 0x0000000100000000)
  region size 1024K, 116 young (118784K), 1 survivors (1024K)
 Metaspace       used 78451K, committed 79296K, reserved 458752K
  class space    used 10486K, committed 10880K, reserved 327680K
}
Event: 1389.612 GC heap after
{Heap after GC invocations=21 (full 0):
 garbage-first heap   total 262144K, used 106557K [0x00000000e0000000, 0x0000000100000000)
  region size 1024K, 12 young (12288K), 12 survivors (12288K)
 Metaspace       used 78451K, committed 79296K, reserved 458752K
  class space    used 10486K, committed 10880K, reserved 327680K
}

Deoptimization events (20 events):
Event: 1380.866 Thread 0x000002d66410e060 DEOPT PACKING pc=0x000002d63f5c62e0 sp=0x000000f32a5fe650
Event: 1380.866 Thread 0x000002d66410e060 DEOPT UNPACKING pc=0x000002d63e3d23a3 sp=0x000000f32a5fe5f0 mode 2
Event: 1380.867 Thread 0x000002d66410e060 Uncommon trap: trap_request=0xffffffbe fr.pc=0x000002d63f5c62e0 relative=0x0000000000000580
Event: 1380.867 Thread 0x000002d66410e060 Uncommon trap: reason=profile_predicate action=maybe_recompile pc=0x000002d63f5c62e0 method=java.util.concurrent.CopyOnWriteArrayList.indexOfRange(Ljava/lang/Object;[Ljava/lang/Object;II)I @ 38 c2
Event: 1380.867 Thread 0x000002d66410e060 DEOPT PACKING pc=0x000002d63f5c62e0 sp=0x000000f32a5fe670
Event: 1380.867 Thread 0x000002d66410e060 DEOPT UNPACKING pc=0x000002d63e3d23a3 sp=0x000000f32a5fe610 mode 2
Event: 1380.868 Thread 0x000002d66410e060 Uncommon trap: trap_request=0xffffffbe fr.pc=0x000002d63f5c62e0 relative=0x0000000000000580
Event: 1380.868 Thread 0x000002d66410e060 Uncommon trap: reason=profile_predicate action=maybe_recompile pc=0x000002d63f5c62e0 method=java.util.concurrent.CopyOnWriteArrayList.indexOfRange(Ljava/lang/Object;[Ljava/lang/Object;II)I @ 38 c2
Event: 1380.868 Thread 0x000002d66410e060 DEOPT PACKING pc=0x000002d63f5c62e0 sp=0x000000f32a5fe650
Event: 1380.868 Thread 0x000002d66410e060 DEOPT UNPACKING pc=0x000002d63e3d23a3 sp=0x000000f32a5fe5f0 mode 2
Event: 1380.868 Thread 0x000002d66410e060 Uncommon trap: trap_request=0xffffffbe fr.pc=0x000002d63f5c62e0 relative=0x0000000000000580
Event: 1380.868 Thread 0x000002d66410e060 Uncommon trap: reason=profile_predicate action=maybe_recompile pc=0x000002d63f5c62e0 method=java.util.concurrent.CopyOnWriteArrayList.indexOfRange(Ljava/lang/Object;[Ljava/lang/Object;II)I @ 38 c2
Event: 1380.868 Thread 0x000002d66410e060 DEOPT PACKING pc=0x000002d63f5c62e0 sp=0x000000f32a5fe670
Event: 1380.869 Thread 0x000002d66410e060 DEOPT UNPACKING pc=0x000002d63e3d23a3 sp=0x000000f32a5fe610 mode 2
Event: 1389.536 Thread 0x000002d66a84bd20 DEOPT PACKING pc=0x000002d637839a2e sp=0x000000f328ff86c0
Event: 1389.536 Thread 0x000002d66a84bd20 DEOPT UNPACKING pc=0x000002d63e3d2b43 sp=0x000000f328ff7bd8 mode 0
Event: 1389.658 Thread 0x000002d66a853bb0 Uncommon trap: trap_request=0xffffff45 fr.pc=0x000002d63f480c40 relative=0x0000000000001400
Event: 1389.658 Thread 0x000002d66a853bb0 Uncommon trap: reason=unstable_if action=reinterpret pc=0x000002d63f480c40 method=java.util.concurrent.ConcurrentHashMap.addCount(JI)V @ 260 c2
Event: 1389.658 Thread 0x000002d66a853bb0 DEOPT PACKING pc=0x000002d63f480c40 sp=0x000000f339bfe9d0
Event: 1389.658 Thread 0x000002d66a853bb0 DEOPT UNPACKING pc=0x000002d63e3d23a3 sp=0x000000f339bfe890 mode 2

Classes unloaded (0 events):
No events

Classes redefined (0 events):
No events

Internal exceptions (20 events):
Event: 191.378 Thread 0x000002d66786b460 Exception <a 'sun/nio/fs/WindowsException'{0x00000000ef291670}> (0x00000000ef291670) 
thrown [s\open\src\hotspot\share\prims\jni.cpp, line 516]
Event: 191.378 Thread 0x000002d66786b460 Exception <a 'sun/nio/fs/WindowsException'{0x00000000ef292bd8}> (0x00000000ef292bd8) 
thrown [s\open\src\hotspot\share\prims\jni.cpp, line 516]
Event: 191.378 Thread 0x000002d66786b460 Exception <a 'sun/nio/fs/WindowsException'{0x00000000ef294130}> (0x00000000ef294130) 
thrown [s\open\src\hotspot\share\prims\jni.cpp, line 516]
Event: 191.410 Thread 0x000002d66786b460 Exception <a 'java/lang/NoClassDefFoundError'{0x00000000eec0cdb8}: org/jetbrains/kotlin/gradle/plugin/KotlinPluginWrapper> (0x00000000eec0cdb8) 
thrown [s\open\src\hotspot\share\oops\constantPool.cpp, line 837]
Event: 191.410 Thread 0x000002d66786b460 Exception <a 'java/lang/NoClassDefFoundError'{0x00000000eec0eeb0}: org/graalvm/buildtools/gradle/NativeImagePlugin> (0x00000000eec0eeb0) 
thrown [s\open\src\hotspot\share\oops\constantPool.cpp, line 837]
Event: 191.410 Thread 0x000002d66786b460 Exception <a 'java/lang/NoClassDefFoundError'{0x00000000eec10f98}: org/cyclonedx/gradle/CycloneDxPlugin> (0x00000000eec10f98) 
thrown [s\open\src\hotspot\share\oops\constantPool.cpp, line 837]
Event: 239.287 Thread 0x000002d66786b460 Exception <a 'sun/nio/fs/WindowsException'{0x00000000ecc2e2a0}> (0x00000000ecc2e2a0) 
thrown [s\open\src\hotspot\share\prims\jni.cpp, line 516]
Event: 239.287 Thread 0x000002d66786b460 Exception <a 'sun/nio/fs/WindowsException'{0x00000000ecc2f808}> (0x00000000ecc2f808) 
thrown [s\open\src\hotspot\share\prims\jni.cpp, line 516]
Event: 239.287 Thread 0x000002d66786b460 Exception <a 'sun/nio/fs/WindowsException'{0x00000000ecc30d70}> (0x00000000ecc30d70) 
thrown [s\open\src\hotspot\share\prims\jni.cpp, line 516]
Event: 239.287 Thread 0x000002d66786b460 Exception <a 'sun/nio/fs/WindowsException'{0x00000000ecc322c8}> (0x00000000ecc322c8) 
thrown [s\open\src\hotspot\share\prims\jni.cpp, line 516]
Event: 239.329 Thread 0x000002d66786b460 Exception <a 'java/lang/NoClassDefFoundError'{0x00000000ec7ee330}: org/jetbrains/kotlin/gradle/plugin/KotlinPluginWrapper> (0x00000000ec7ee330) 
thrown [s\open\src\hotspot\share\oops\constantPool.cpp, line 837]
Event: 239.329 Thread 0x000002d66786b460 Exception <a 'java/lang/NoClassDefFoundError'{0x00000000ec7f0428}: org/graalvm/buildtools/gradle/NativeImagePlugin> (0x00000000ec7f0428) 
thrown [s\open\src\hotspot\share\oops\constantPool.cpp, line 837]
Event: 239.329 Thread 0x000002d66786b460 Exception <a 'java/lang/NoClassDefFoundError'{0x00000000ec7f2510}: org/cyclonedx/gradle/CycloneDxPlugin> (0x00000000ec7f2510) 
thrown [s\open\src\hotspot\share\oops\constantPool.cpp, line 837]
Event: 1388.356 Thread 0x000002d66a84bd20 Exception <a 'sun/nio/fs/WindowsException'{0x00000000ef80cbf8}> (0x00000000ef80cbf8) 
thrown [s\open\src\hotspot\share\prims\jni.cpp, line 516]
Event: 1388.356 Thread 0x000002d66a84bd20 Exception <a 'sun/nio/fs/WindowsException'{0x00000000ef80e3b8}> (0x00000000ef80e3b8) 
thrown [s\open\src\hotspot\share\prims\jni.cpp, line 516]
Event: 1388.356 Thread 0x000002d66a84bd20 Exception <a 'sun/nio/fs/WindowsException'{0x00000000ef80f920}> (0x00000000ef80f920) 
thrown [s\open\src\hotspot\share\prims\jni.cpp, line 516]
Event: 1388.356 Thread 0x000002d66a84bd20 Exception <a 'sun/nio/fs/WindowsException'{0x00000000ef810e78}> (0x00000000ef810e78) 
thrown [s\open\src\hotspot\share\prims\jni.cpp, line 516]
Event: 1388.390 Thread 0x000002d66a84bd20 Exception <a 'java/lang/NoClassDefFoundError'{0x00000000ef21d2c8}: org/jetbrains/kotlin/gradle/plugin/KotlinPluginWrapper> (0x00000000ef21d2c8) 
thrown [s\open\src\hotspot\share\oops\constantPool.cpp, line 837]
Event: 1388.390 Thread 0x000002d66a84bd20 Exception <a 'java/lang/NoClassDefFoundError'{0x00000000ef21f3c0}: org/graalvm/buildtools/gradle/NativeImagePlugin> (0x00000000ef21f3c0) 
thrown [s\open\src\hotspot\share\oops\constantPool.cpp, line 837]
Event: 1388.390 Thread 0x000002d66a84bd20 Exception <a 'java/lang/NoClassDefFoundError'{0x00000000ef2214a8}: org/cyclonedx/gradle/CycloneDxPlugin> (0x00000000ef2214a8) 
thrown [s\open\src\hotspot\share\oops\constantPool.cpp, line 837]

VM Operations (20 events):
Event: 701.005 Executing VM operation: Cleanup
Event: 701.005 Executing VM operation: Cleanup done
Event: 831.014 Executing VM operation: Cleanup
Event: 831.015 Executing VM operation: Cleanup done
Event: 841.082 Executing VM operation: Cleanup
Event: 841.082 Executing VM operation: Cleanup done
Event: 890.477 Executing VM operation: Cleanup
Event: 890.477 Executing VM operation: Cleanup done
Event: 908.582 Executing VM operation: Cleanup
Event: 908.582 Executing VM operation: Cleanup done
Event: 1061.729 Executing VM operation: Cleanup
Event: 1061.730 Executing VM operation: Cleanup done
Event: 1080.862 Executing VM operation: G1CollectForAllocation
Event: 1080.863 Executing VM operation: G1CollectForAllocation done
Event: 1271.296 Executing VM operation: Cleanup
Event: 1271.296 Executing VM operation: Cleanup done
Event: 1388.985 Executing VM operation: ICBufferFull
Event: 1388.985 Executing VM operation: ICBufferFull done
Event: 1389.609 Executing VM operation: G1CollectForAllocation
Event: 1389.612 Executing VM operation: G1CollectForAllocation done

Events (20 events):
Event: 1389.674 Thread 0x000002d66553d8c0 Thread exited: 0x000002d66553d8c0
Event: 1389.674 Thread 0x000002d66de8fa80 Thread exited: 0x000002d66de8fa80
Event: 1389.674 Thread 0x000002d66b4655b0 Thread exited: 0x000002d66b4655b0
Event: 1389.674 Thread 0x000002d669cd7650 Thread exited: 0x000002d669cd7650
Event: 1389.674 Thread 0x000002d66553f210 Thread exited: 0x000002d66553f210
Event: 1389.674 Thread 0x000002d66852aeb0 Thread exited: 0x000002d66852aeb0
Event: 1389.674 Thread 0x000002d66de11650 Thread exited: 0x000002d66de11650
Event: 1389.674 Thread 0x000002d669cd7140 Thread exited: 0x000002d669cd7140
Event: 1389.674 Thread 0x000002d669e07070 Thread exited: 0x000002d669e07070
Event: 1389.674 Thread 0x000002d66abe8b20 Thread exited: 0x000002d66abe8b20
Event: 1389.674 Thread 0x000002d66a84cc50 Thread exited: 0x000002d66a84cc50
Event: 1389.674 Thread 0x000002d669defa70 Thread exited: 0x000002d669defa70
Event: 1389.674 Thread 0x000002d669cd6c30 Thread exited: 0x000002d669cd6c30
Event: 1389.674 Thread 0x000002d66abe71d0 Thread exited: 0x000002d66abe71d0
Event: 1389.674 Thread 0x000002d66abe9030 Thread exited: 0x000002d66abe9030
Event: 1389.674 Thread 0x000002d6688f59f0 Thread exited: 0x000002d6688f59f0
Event: 1389.674 Thread 0x000002d66c5bfd90 Thread exited: 0x000002d66c5bfd90
Event: 1389.674 Thread 0x000002d668d9e260 Thread exited: 0x000002d668d9e260
Event: 1389.682 Thread 0x000002d66a84c740 Thread exited: 0x000002d66a84c740
Event: 1389.682 Thread 0x000002d66a84c230 Thread exited: 0x000002d66a84c230


Dynamic libraries:
0x00007ff686680000 - 0x00007ff686690000 	C:\Program Files\Java\jdk-17\bin\java.exe
0x00007ffea8b50000 - 0x00007ffea8d48000 	C:\Windows\SYSTEM32\ntdll.dll
0x00007ffea7e90000 - 0x00007ffea7f51000 	C:\Windows\System32\KERNEL32.DLL
0x00007ffea6300000 - 0x00007ffea65fd000 	C:\Windows\System32\KERNELBASE.dll
0x00007ffea6780000 - 0x00007ffea6880000 	C:\Windows\System32\ucrtbase.dll
0x00007ffea2a50000 - 0x00007ffea2a69000 	C:\Program Files\Java\jdk-17\bin\jli.dll
0x00007ffea2a30000 - 0x00007ffea2a4b000 	C:\Program Files\Java\jdk-17\bin\VCRUNTIME140.dll
0x00007ffea7dd0000 - 0x00007ffea7e80000 	C:\Windows\System32\ADVAPI32.dll
0x00007ffea7c50000 - 0x00007ffea7cee000 	C:\Windows\System32\msvcrt.dll
0x00007ffea7f70000 - 0x00007ffea8010000 	C:\Windows\System32\sechost.dll
0x00007ffea89e0000 - 0x00007ffea8b03000 	C:\Windows\System32\RPCRT4.dll
0x00007ffea66b0000 - 0x00007ffea66d7000 	C:\Windows\System32\bcrypt.dll
0x00007ffea6b80000 - 0x00007ffea6d1d000 	C:\Windows\System32\USER32.dll
0x00007ffea69e0000 - 0x00007ffea6a02000 	C:\Windows\System32\win32u.dll
0x00007ffe98e40000 - 0x00007ffe990da000 	C:\Windows\WinSxS\amd64_microsoft.windows.common-controls_6595b64144ccf1df_6.0.19041.4355_none_60b8b9eb71f62e16\COMCTL32.dll
0x00007ffea86e0000 - 0x00007ffea870b000 	C:\Windows\System32\GDI32.dll
0x00007ffea6a10000 - 0x00007ffea6b27000 	C:\Windows\System32\gdi32full.dll
0x00007ffea66e0000 - 0x00007ffea677d000 	C:\Windows\System32\msvcp_win.dll
0x00007ffe9d5b0000 - 0x00007ffe9d5ba000 	C:\Windows\SYSTEM32\VERSION.dll
0x00007ffea7cf0000 - 0x00007ffea7d1f000 	C:\Windows\System32\IMM32.DLL
0x00007ffea3330000 - 0x00007ffea333c000 	C:\Program Files\Java\jdk-17\bin\vcruntime140_1.dll
0x00007ffe83590000 - 0x00007ffe8361e000 	C:\Program Files\Java\jdk-17\bin\msvcp140.dll
0x00007ffe2bf30000 - 0x00007ffe2cb10000 	C:\Program Files\Java\jdk-17\bin\server\jvm.dll
0x00007ffea7f60000 - 0x00007ffea7f68000 	C:\Windows\System32\PSAPI.DLL
0x00007ffe931e0000 - 0x00007ffe93207000 	C:\Windows\SYSTEM32\WINMM.dll
0x00007ffe67220000 - 0x00007ffe67229000 	C:\Windows\SYSTEM32\WSOCK32.dll
0x00007ffea87e0000 - 0x00007ffea884b000 	C:\Windows\System32\WS2_32.dll
0x00007ffea4060000 - 0x00007ffea4072000 	C:\Windows\SYSTEM32\kernel.appcore.dll
0x00007ffea2a20000 - 0x00007ffea2a2a000 	C:\Program Files\Java\jdk-17\bin\jimage.dll
0x00007ffe915c0000 - 0x00007ffe917a4000 	C:\Windows\SYSTEM32\DBGHELP.DLL
0x00007ffe95ee0000 - 0x00007ffe95f14000 	C:\Windows\SYSTEM32\dbgcore.DLL
0x00007ffea6270000 - 0x00007ffea62f2000 	C:\Windows\System32\bcryptPrimitives.dll
0x00007ffea2a10000 - 0x00007ffea2a1e000 	C:\Program Files\Java\jdk-17\bin\instrument.dll
0x00007ffea29e0000 - 0x00007ffea2a05000 	C:\Program Files\Java\jdk-17\bin\java.dll
0x00007ffe834b0000 - 0x00007ffe83587000 	C:\Program Files\Java\jdk-17\bin\jsvml.dll
0x00007ffea6fe0000 - 0x00007ffea774f000 	C:\Windows\System32\SHELL32.dll
0x00007ffea4260000 - 0x00007ffea4a03000 	C:\Windows\SYSTEM32\windows.storage.dll
0x00007ffea82a0000 - 0x00007ffea85f3000 	C:\Windows\System32\combase.dll
0x00007ffea5b50000 - 0x00007ffea5b7e000 	C:\Windows\SYSTEM32\Wldp.dll
0x00007ffea8710000 - 0x00007ffea87dd000 	C:\Windows\System32\OLEAUT32.dll
0x00007ffea8070000 - 0x00007ffea811d000 	C:\Windows\System32\SHCORE.dll
0x00007ffea8850000 - 0x00007ffea88a5000 	C:\Windows\System32\shlwapi.dll
0x00007ffea6130000 - 0x00007ffea6154000 	C:\Windows\SYSTEM32\profapi.dll
0x00007ffe9d6a0000 - 0x00007ffe9d6b8000 	C:\Program Files\Java\jdk-17\bin\zip.dll
0x00007ffe84630000 - 0x00007ffe84649000 	C:\Program Files\Java\jdk-17\bin\net.dll
0x00007ffea2bb0000 - 0x00007ffea2cbd000 	C:\Windows\SYSTEM32\WINHTTP.dll
0x00007ffea5930000 - 0x00007ffea599a000 	C:\Windows\system32\mswsock.dll
0x00007ffe84610000 - 0x00007ffe84626000 	C:\Program Files\Java\jdk-17\bin\nio.dll
0x00007ffea29d0000 - 0x00007ffea29e0000 	C:\Program Files\Java\jdk-17\bin\verify.dll
0x00007ffea2a70000 - 0x00007ffea2a97000 	C:\Users\user\.gradle\native\c067742578af261105cb4f569cf0c3c89f3d7b1fecec35dd04571415982c5e48\windows-amd64\native-platform.dll
0x00007ffe329d0000 - 0x00007ffe32b14000 	C:\Users\user\.gradle\native\100fb08df4bc3b14c8652ba06237920a3bd2aa13389f12d3474272988ae205f9\windows-amd64\native-platform-file-events.dll
0x00007ffe998c0000 - 0x00007ffe998ca000 	C:\Program Files\Java\jdk-17\bin\management.dll
0x00007ffe84600000 - 0x00007ffe8460b000 	C:\Program Files\Java\jdk-17\bin\management_ext.dll
0x00007ffea5ea0000 - 0x00007ffea5eb8000 	C:\Windows\SYSTEM32\CRYPTSP.dll
0x00007ffea5200000 - 0x00007ffea5234000 	C:\Windows\system32\rsaenh.dll
0x00007ffea60b0000 - 0x00007ffea60de000 	C:\Windows\SYSTEM32\USERENV.dll
0x00007ffea5ac0000 - 0x00007ffea5acc000 	C:\Windows\SYSTEM32\CRYPTBASE.dll
0x00007ffea55e0000 - 0x00007ffea561b000 	C:\Windows\SYSTEM32\IPHLPAPI.DLL
0x00007ffea77d0000 - 0x00007ffea77d8000 	C:\Windows\System32\NSI.dll
0x00007ffea0840000 - 0x00007ffea0857000 	C:\Windows\SYSTEM32\dhcpcsvc6.DLL
0x00007ffea06f0000 - 0x00007ffea070d000 	C:\Windows\SYSTEM32\dhcpcsvc.DLL
0x00007ffea5620000 - 0x00007ffea56ea000 	C:\Windows\SYSTEM32\DNSAPI.dll
0x00007ffe83460000 - 0x00007ffe8346e000 	C:\Program Files\Java\jdk-17\bin\sunmscapi.dll
0x00007ffea6880000 - 0x00007ffea69dc000 	C:\Windows\System32\CRYPT32.dll
0x00007ffea5bc0000 - 0x00007ffea5be9000 	C:\Windows\SYSTEM32\ncrypt.dll
0x00007ffea5b80000 - 0x00007ffea5bbb000 	C:\Windows\SYSTEM32\NTASN1.dll
0x00007ffe998d0000 - 0x00007ffe998d7000 	C:\Windows\system32\wshunix.dll
0x00007ffe9f040000 - 0x00007ffe9f04a000 	C:\Windows\System32\rasadhlp.dll
0x00007ffe9f1f0000 - 0x00007ffe9f270000 	C:\Windows\System32\fwpuclnt.dll

dbghelp: loaded successfully - version: 4.0.5 - missing functions: none
symbol engine: initialized successfully - sym options: 0x614 - pdb path: .;C:\Program Files\Java\jdk-17\bin;C:\Windows\SYSTEM32;C:\Windows\WinSxS\amd64_microsoft.windows.common-controls_6595b64144ccf1df_6.0.19041.4355_none_60b8b9eb71f62e16;C:\Program Files\Java\jdk-17\bin\server;C:\Users\user\.gradle\native\c067742578af261105cb4f569cf0c3c89f3d7b1fecec35dd04571415982c5e48\windows-amd64;C:\Users\user\.gradle\native\100fb08df4bc3b14c8652ba06237920a3bd2aa13389f12d3474272988ae205f9\windows-amd64

VM Arguments:
jvm_args: --add-opens=java.base/java.util=ALL-UNNAMED --add-opens=java.base/java.lang=ALL-UNNAMED --add-opens=java.base/java.lang.invoke=ALL-UNNAMED --add-opens=java.prefs/java.util.prefs=ALL-UNNAMED --add-exports=jdk.compiler/com.sun.tools.javac.api=ALL-UNNAMED --add-exports=jdk.compiler/com.sun.tools.javac.util=ALL-UNNAMED --add-opens=java.base/java.nio.charset=ALL-UNNAMED --add-opens=java.base/java.net=ALL-UNNAMED --add-opens=java.base/java.util.concurrent.atomic=ALL-UNNAMED -XX:MaxMetaspaceSize=384m -XX:+HeapDumpOnOutOfMemoryError -Xms256m -Xmx512m -Dfile.encoding=UTF-8 -Duser.country=KR -Duser.language=ko -Duser.variant -javaagent:C:\Users\user\.gradle\wrapper\dists\gradle-8.10-bin\deqhafrv1ntovfmgh0nh3npr9\gradle-8.10\lib\agents\gradle-instrumentation-agent-8.10.jar 
java_command: org.gradle.launcher.daemon.bootstrap.GradleDaemon 8.10
java_class_path (initial): C:\Users\user\.gradle\wrapper\dists\gradle-8.10-bin\deqhafrv1ntovfmgh0nh3npr9\gradle-8.10\lib\gradle-daemon-main-8.10.jar
Launcher Type: SUN_STANDARD

[Global flags]
     intx CICompilerCount                          = 12                                        {product} {ergonomic}
   size_t CompressedClassSpaceSize                 = 335544320                                 {product} {ergonomic}
     uint ConcGCThreads                            = 4                                         {product} {ergonomic}
     uint G1ConcRefinementThreads                  = 15                                        {product} {ergonomic}
   size_t G1HeapRegionSize                         = 1048576                                   {product} {ergonomic}
    uintx GCDrainStackTargetSize                   = 64                                        {product} {ergonomic}
     bool HeapDumpOnOutOfMemoryError               = true                                   {manageable} {command line}
   size_t InitialHeapSize                          = 268435456                                 {product} {command line}
   size_t MarkStackSize                            = 4194304                                   {product} {ergonomic}
   size_t MaxHeapSize                              = 536870912                                 {product} {command line}
   size_t MaxMetaspaceSize                         = 402653184                                 {product} {command line}
   size_t MaxNewSize                               = 321912832                                 {product} {ergonomic}
   size_t MinHeapDeltaBytes                        = 1048576                                   {product} {ergonomic}
   size_t MinHeapSize                              = 268435456                                 {product} {command line}
    uintx NonNMethodCodeHeapSize                   = 7602480                                {pd product} {ergonomic}
    uintx NonProfiledCodeHeapSize                  = 122027880                              {pd product} {ergonomic}
    uintx ProfiledCodeHeapSize                     = 122027880                              {pd product} {ergonomic}
    uintx ReservedCodeCacheSize                    = 251658240                              {pd product} {ergonomic}
     bool SegmentedCodeCache                       = true                                      {product} {ergonomic}
   size_t SoftMaxHeapSize                          = 536870912                              {manageable} {ergonomic}
     bool UseCompressedClassPointers               = true                           {product lp64_product} {ergonomic}
     bool UseCompressedOops                        = true                           {product lp64_product} {ergonomic}
     bool UseG1GC                                  = true                                      {product} {ergonomic}
     bool UseLargePagesIndividualAllocation        = false                                  {pd product} {ergonomic}

Logging:
Log output configuration:
 #0: stdout all=warning uptime,level,tags
 #1: stderr all=off uptime,level,tags

Environment Variables:
PATH=C:\Program Files\Common Files\Oracle\Java\javapath;C:\Program Files (x86)\Common Files\Intel\Shared Libraries\redist\intel64\compiler;C:\Windows\system32;C:\Windows;C:\Windows\System32\Wbem;C:\Windows\System32\WindowsPowerShell\v1.0\;C:\Windows\System32\OpenSSH\;C:\Program Files\dotnet\;C:\Program Files\Common Files\Autodesk Shared\;C:\Program Files\Microsoft SQL Server\120\Tools\Binn\;C:\Program Files\Microsoft VS Code\bin;C:\Program Files\Git\cmd;C:\Program Files\nodejs\;C:\ProgramData\chocolatey\bin;C:\Program Files\Docker\Docker\resources\bin;C:\Program Files\Bandizip\;C:\Users\user\AppData\Local\Microsoft\WindowsApps;C:\Users\user\AppData\Local\Programs\Microsoft VS Code\bin;C:\Program Files\JetBrains\IntelliJ IDEA 2024.2.2\bin;;C:\Users\user\AppData\Roaming\npm
USERNAME=user
OS=Windows_NT
PROCESSOR_IDENTIFIER=Intel64 Family 6 Model 151 Stepping 2, GenuineIntel



---------------  S Y S T E M  ---------------

OS:
 Windows 10 , 64 bit Build 19041 (10.0.19041.4842)
OS uptime: 0 days 0:28 hours
Hyper-V role detected

CPU: total 20 (initial active 20) (10 cores per cpu, 2 threads per core) family 6 model 151 stepping 2 microcode 0x2c, cx8, cmov, fxsr, ht, mmx, 3dnowpref, sse, sse2, sse3, ssse3, sse4.1, sse4.2, popcnt, lzcnt, tsc, tscinvbit, avx, avx2, aes, erms, clmul, bmi1, bmi2, adx, sha, fma, vzeroupper, clflush, clflushopt, clwb, hv

Memory: 4k page, system-wide physical 16192M (4197M free)
TotalPageFile size 28480M (AvailPageFile size 12924M)
current process WorkingSet (physical memory assigned to process): 519M, peak: 560M
current process commit charge ("private bytes"): 584M, peak: 633M

vm_info: Java HotSpot(TM) 64-Bit Server VM (17.0.12+8-LTS-286) for windows-amd64 JRE (17.0.12+8-LTS-286), built on Jun  5 2024 06:46:59 by "mach5one" with MS VC++ 17.6 (VS2022)

END.
